2025-06-10 11:57:45,502 INFO o.h.v.i.u.Version [background-preinit] HV000001: Hibernate Validator 8.0.1.Final
2025-06-10 11:57:45,658 INFO o.s.b.StartupInfoLogger [main] Starting DigicellApplicationTests using Java 17.0.12 with PID 15692 (started by chira in C:\Users\chira\OneDrive\Desktop\Eva-Backend\Digicell)
2025-06-10 11:57:45,662 DEBUG o.s.b.StartupInfoLogger [main] Running with Spring Boot v3.2.5, Spring v6.1.6
2025-06-10 11:57:45,666 INFO o.s.b.SpringApplication [main] The following 1 profile is active: "dev"
2025-06-10 11:57:52,474 INFO o.s.d.r.c.RepositoryConfigurationDelegate [main] Bootstrapping Spring Data JPA repositories in DEFAULT mode.
2025-06-10 11:57:52,841 INFO o.s.d.r.c.RepositoryConfigurationDelegate [main] Finished Spring Data repository scanning in 317 ms. Found 4 JPA repository interfaces.
2025-06-10 11:57:55,745 INFO c.z.h.HikariDataSource [main] HikariPool-1 - Starting...
2025-06-10 11:57:56,761 INFO c.z.h.p.HikariPool [main] HikariPool-1 - Added connection com.mysql.cj.jdbc.ConnectionImpl@6249a08d
2025-06-10 11:57:56,782 INFO c.z.h.HikariDataSource [main] HikariPool-1 - Start completed.
2025-06-10 11:57:57,665 INFO o.h.j.i.u.LogHelper [main] HHH000204: Processing PersistenceUnitInfo [name: default]
2025-06-10 11:57:58,177 INFO o.h.Version [main] HHH000412: Hibernate ORM core version 6.4.4.Final
2025-06-10 11:57:58,397 INFO o.h.c.i.RegionFactoryInitiator [main] HHH000026: Second-level cache disabled
2025-06-10 11:57:59,845 INFO o.s.o.j.p.SpringPersistenceUnitInfo [main] No LoadTimeWeaver setup: ignoring JPA class transformer
2025-06-10 11:58:00,300 WARN o.h.e.j.d.i.DialectFactoryImpl [main] HHH90000025: MySQL8Dialect does not need to be specified explicitly using 'hibernate.dialect' (remove the property setting and it will be selected by default)
2025-06-10 11:58:00,305 WARN o.h.e.j.d.i.DialectFactoryImpl [main] HHH90000026: MySQL8Dialect has been deprecated; use org.hibernate.dialect.MySQLDialect instead
2025-06-10 11:58:04,610 INFO o.h.e.t.j.p.i.JtaPlatformInitiator [main] HHH000489: No JTA platform available (set 'hibernate.transaction.jta.platform' to enable JTA platform integration)
2025-06-10 11:58:04,997 INFO o.s.o.j.AbstractEntityManagerFactoryBean [main] Initialized JPA EntityManagerFactory for persistence unit 'default'
2025-06-10 11:58:07,073 INFO o.s.d.j.r.q.QueryEnhancerFactory [main] Hibernate is in classpath; If applicable, HQL parser will be used.
2025-06-10 11:58:09,858 WARN o.s.b.a.o.j.JpaBaseConfiguration$JpaWebConfiguration [main] spring.jpa.open-in-view is enabled by default. Therefore, database queries may be performed during view rendering. Explicitly configure spring.jpa.open-in-view to disable this warning
2025-06-10 11:58:13,676 INFO o.s.b.a.e.w.EndpointLinksResolver [main] Exposing 13 endpoint(s) beneath base path '/actuator'
2025-06-10 11:58:13,965 INFO o.s.b.StartupInfoLogger [main] Started DigicellApplicationTests in 29.843 seconds (process running for 33.573)
2025-06-10 11:58:16,331 INFO o.s.o.j.AbstractEntityManagerFactoryBean [SpringApplicationShutdownHook] Closing JPA EntityManagerFactory for persistence unit 'default'
2025-06-10 11:58:16,345 INFO c.z.h.HikariDataSource [SpringApplicationShutdownHook] HikariPool-1 - Shutdown initiated...
2025-06-10 11:58:16,390 INFO c.z.h.HikariDataSource [SpringApplicationShutdownHook] HikariPool-1 - Shutdown completed.
2025-06-10 12:28:01,551 INFO o.h.v.i.u.Version [background-preinit] HV000001: Hibernate Validator 8.0.1.Final
2025-06-10 12:28:01,696 INFO o.s.b.StartupInfoLogger [main] Starting DigicellApplicationTests using Java 17.0.12 with PID 28304 (started by chira in C:\Users\chira\OneDrive\Desktop\Eva-Backend\Digicell)
2025-06-10 12:28:01,701 DEBUG o.s.b.StartupInfoLogger [main] Running with Spring Boot v3.2.5, Spring v6.1.6
2025-06-10 12:28:01,707 INFO o.s.b.SpringApplication [main] The following 1 profile is active: "dev"
2025-06-10 12:28:09,393 INFO o.s.d.r.c.RepositoryConfigurationDelegate [main] Bootstrapping Spring Data JPA repositories in DEFAULT mode.
2025-06-10 12:28:10,446 INFO o.s.d.r.c.RepositoryConfigurationDelegate [main] Finished Spring Data repository scanning in 960 ms. Found 4 JPA repository interfaces.
2025-06-10 12:28:15,980 INFO c.z.h.HikariDataSource [main] HikariPool-1 - Starting...
2025-06-10 12:28:17,140 INFO c.z.h.p.HikariPool [main] HikariPool-1 - Added connection com.mysql.cj.jdbc.ConnectionImpl@79308a2
2025-06-10 12:28:17,145 INFO c.z.h.HikariDataSource [main] HikariPool-1 - Start completed.
2025-06-10 12:28:17,685 INFO o.h.j.i.u.LogHelper [main] HHH000204: Processing PersistenceUnitInfo [name: default]
2025-06-10 12:28:18,982 INFO o.h.Version [main] HHH000412: Hibernate ORM core version 6.4.4.Final
2025-06-10 12:28:19,302 INFO o.h.c.i.RegionFactoryInitiator [main] HHH000026: Second-level cache disabled
2025-06-10 12:28:20,841 INFO o.s.o.j.p.SpringPersistenceUnitInfo [main] No LoadTimeWeaver setup: ignoring JPA class transformer
2025-06-10 12:28:21,019 WARN o.h.e.j.d.i.DialectFactoryImpl [main] HHH90000025: MySQL8Dialect does not need to be specified explicitly using 'hibernate.dialect' (remove the property setting and it will be selected by default)
2025-06-10 12:28:21,022 WARN o.h.e.j.d.i.DialectFactoryImpl [main] HHH90000026: MySQL8Dialect has been deprecated; use org.hibernate.dialect.MySQLDialect instead
2025-06-10 12:28:25,064 INFO o.h.e.t.j.p.i.JtaPlatformInitiator [main] HHH000489: No JTA platform available (set 'hibernate.transaction.jta.platform' to enable JTA platform integration)
2025-06-10 12:28:25,374 INFO o.s.o.j.AbstractEntityManagerFactoryBean [main] Initialized JPA EntityManagerFactory for persistence unit 'default'
2025-06-10 12:28:29,068 INFO o.s.d.j.r.q.QueryEnhancerFactory [main] Hibernate is in classpath; If applicable, HQL parser will be used.
2025-06-10 12:28:34,122 WARN o.s.b.a.o.j.JpaBaseConfiguration$JpaWebConfiguration [main] spring.jpa.open-in-view is enabled by default. Therefore, database queries may be performed during view rendering. Explicitly configure spring.jpa.open-in-view to disable this warning
2025-06-10 12:28:41,839 INFO o.s.b.a.e.w.EndpointLinksResolver [main] Exposing 13 endpoint(s) beneath base path '/actuator'
2025-06-10 12:28:42,396 INFO o.s.b.StartupInfoLogger [main] Started DigicellApplicationTests in 43.053 seconds (process running for 47.483)
2025-06-10 12:28:44,324 INFO o.s.o.j.AbstractEntityManagerFactoryBean [SpringApplicationShutdownHook] Closing JPA EntityManagerFactory for persistence unit 'default'
2025-06-10 12:28:44,332 INFO c.z.h.HikariDataSource [SpringApplicationShutdownHook] HikariPool-1 - Shutdown initiated...
2025-06-10 12:28:44,358 INFO c.z.h.HikariDataSource [SpringApplicationShutdownHook] HikariPool-1 - Shutdown completed.
2025-06-10 12:36:34,924 INFO o.h.v.i.u.Version [background-preinit] HV000001: Hibernate Validator 8.0.1.Final
2025-06-10 12:36:35,050 INFO o.s.b.StartupInfoLogger [main] Starting DigicellApplicationTests using Java 17.0.12 with PID 35640 (started by chira in C:\Users\chira\OneDrive\Desktop\Eva-Backend\Digicell)
2025-06-10 12:36:35,054 DEBUG o.s.b.StartupInfoLogger [main] Running with Spring Boot v3.2.5, Spring v6.1.6
2025-06-10 12:36:35,061 INFO o.s.b.SpringApplication [main] The following 1 profile is active: "dev"
2025-06-10 12:36:42,950 INFO o.s.d.r.c.RepositoryConfigurationDelegate [main] Bootstrapping Spring Data JPA repositories in DEFAULT mode.
2025-06-10 12:36:43,406 INFO o.s.d.r.c.RepositoryConfigurationDelegate [main] Finished Spring Data repository scanning in 415 ms. Found 4 JPA repository interfaces.
2025-06-10 12:36:48,447 INFO c.z.h.HikariDataSource [main] HikariPool-1 - Starting...
2025-06-10 12:36:49,738 INFO c.z.h.p.HikariPool [main] HikariPool-1 - Added connection com.mysql.cj.jdbc.ConnectionImpl@3ae2702a
2025-06-10 12:36:49,744 INFO c.z.h.HikariDataSource [main] HikariPool-1 - Start completed.
2025-06-10 12:36:50,199 INFO o.h.j.i.u.LogHelper [main] HHH000204: Processing PersistenceUnitInfo [name: default]
2025-06-10 12:36:50,822 INFO o.h.Version [main] HHH000412: Hibernate ORM core version 6.4.4.Final
2025-06-10 12:36:51,093 INFO o.h.c.i.RegionFactoryInitiator [main] HHH000026: Second-level cache disabled
2025-06-10 12:36:52,562 INFO o.s.o.j.p.SpringPersistenceUnitInfo [main] No LoadTimeWeaver setup: ignoring JPA class transformer
2025-06-10 12:36:52,718 WARN o.h.e.j.d.i.DialectFactoryImpl [main] HHH90000025: MySQL8Dialect does not need to be specified explicitly using 'hibernate.dialect' (remove the property setting and it will be selected by default)
2025-06-10 12:36:52,721 WARN o.h.e.j.d.i.DialectFactoryImpl [main] HHH90000026: MySQL8Dialect has been deprecated; use org.hibernate.dialect.MySQLDialect instead
2025-06-10 12:36:56,230 INFO o.h.e.t.j.p.i.JtaPlatformInitiator [main] HHH000489: No JTA platform available (set 'hibernate.transaction.jta.platform' to enable JTA platform integration)
2025-06-10 12:36:56,597 INFO o.s.o.j.AbstractEntityManagerFactoryBean [main] Initialized JPA EntityManagerFactory for persistence unit 'default'
2025-06-10 12:37:00,896 INFO o.s.d.j.r.q.QueryEnhancerFactory [main] Hibernate is in classpath; If applicable, HQL parser will be used.
2025-06-10 12:37:07,350 WARN o.s.b.a.o.j.JpaBaseConfiguration$JpaWebConfiguration [main] spring.jpa.open-in-view is enabled by default. Therefore, database queries may be performed during view rendering. Explicitly configure spring.jpa.open-in-view to disable this warning
2025-06-10 12:38:04,332 INFO o.h.v.i.u.Version [background-preinit] HV000001: Hibernate Validator 8.0.1.Final
2025-06-10 12:38:04,537 INFO o.s.b.StartupInfoLogger [main] Starting DigicellApplicationTests using Java 17.0.12 with PID 27052 (started by chira in C:\Users\chira\OneDrive\Desktop\Eva-Backend\Digicell)
2025-06-10 12:38:04,542 DEBUG o.s.b.StartupInfoLogger [main] Running with Spring Boot v3.2.5, Spring v6.1.6
2025-06-10 12:38:04,548 INFO o.s.b.SpringApplication [main] The following 1 profile is active: "dev"
2025-06-10 12:38:09,351 INFO o.s.d.r.c.RepositoryConfigurationDelegate [main] Bootstrapping Spring Data JPA repositories in DEFAULT mode.
2025-06-10 12:38:09,648 INFO o.s.d.r.c.RepositoryConfigurationDelegate [main] Finished Spring Data repository scanning in 272 ms. Found 4 JPA repository interfaces.
2025-06-10 12:38:13,863 INFO c.z.h.HikariDataSource [main] HikariPool-1 - Starting...
2025-06-10 12:38:15,062 INFO c.z.h.p.HikariPool [main] HikariPool-1 - Added connection com.mysql.cj.jdbc.ConnectionImpl@6e948f1c
2025-06-10 12:38:15,077 INFO c.z.h.HikariDataSource [main] HikariPool-1 - Start completed.
2025-06-10 12:38:16,322 INFO o.h.j.i.u.LogHelper [main] HHH000204: Processing PersistenceUnitInfo [name: default]
2025-06-10 12:38:16,743 INFO o.h.Version [main] HHH000412: Hibernate ORM core version 6.4.4.Final
2025-06-10 12:38:17,218 INFO o.h.c.i.RegionFactoryInitiator [main] HHH000026: Second-level cache disabled
2025-06-10 12:38:18,731 INFO o.s.o.j.p.SpringPersistenceUnitInfo [main] No LoadTimeWeaver setup: ignoring JPA class transformer
2025-06-10 12:38:18,904 WARN o.h.e.j.d.i.DialectFactoryImpl [main] HHH90000025: MySQL8Dialect does not need to be specified explicitly using 'hibernate.dialect' (remove the property setting and it will be selected by default)
2025-06-10 12:38:18,907 WARN o.h.e.j.d.i.DialectFactoryImpl [main] HHH90000026: MySQL8Dialect has been deprecated; use org.hibernate.dialect.MySQLDialect instead
2025-06-10 12:38:22,794 INFO o.h.e.t.j.p.i.JtaPlatformInitiator [main] HHH000489: No JTA platform available (set 'hibernate.transaction.jta.platform' to enable JTA platform integration)
2025-06-10 12:38:23,079 INFO o.s.o.j.AbstractEntityManagerFactoryBean [main] Initialized JPA EntityManagerFactory for persistence unit 'default'
2025-06-10 12:38:26,048 INFO o.s.d.j.r.q.QueryEnhancerFactory [main] Hibernate is in classpath; If applicable, HQL parser will be used.
2025-06-10 12:38:30,804 WARN o.s.b.a.o.j.JpaBaseConfiguration$JpaWebConfiguration [main] spring.jpa.open-in-view is enabled by default. Therefore, database queries may be performed during view rendering. Explicitly configure spring.jpa.open-in-view to disable this warning
2025-06-10 12:38:38,549 INFO o.s.b.a.e.w.EndpointLinksResolver [main] Exposing 13 endpoint(s) beneath base path '/actuator'
2025-06-10 12:38:39,188 INFO o.s.b.StartupInfoLogger [main] Started DigicellApplicationTests in 36.452 seconds (process running for 40.732)
2025-06-10 12:38:42,281 INFO o.s.o.j.AbstractEntityManagerFactoryBean [SpringApplicationShutdownHook] Closing JPA EntityManagerFactory for persistence unit 'default'
2025-06-10 12:38:42,294 INFO c.z.h.HikariDataSource [SpringApplicationShutdownHook] HikariPool-1 - Shutdown initiated...
2025-06-10 12:38:42,331 INFO c.z.h.HikariDataSource [SpringApplicationShutdownHook] HikariPool-1 - Shutdown completed.
2025-06-10 12:46:51,374 INFO o.h.v.i.u.Version [background-preinit] HV000001: Hibernate Validator 8.0.1.Final
2025-06-10 12:46:51,665 INFO o.s.b.StartupInfoLogger [main] Starting DigicellApplicationTests using Java 17.0.12 with PID 37260 (started by chira in C:\Users\chira\OneDrive\Desktop\Eva-Backend\Digicell)
2025-06-10 12:46:51,669 DEBUG o.s.b.StartupInfoLogger [main] Running with Spring Boot v3.2.5, Spring v6.1.6
2025-06-10 12:46:51,676 INFO o.s.b.SpringApplication [main] The following 1 profile is active: "dev"
2025-06-10 12:47:02,582 INFO o.s.d.r.c.RepositoryConfigurationDelegate [main] Bootstrapping Spring Data JPA repositories in DEFAULT mode.
2025-06-10 12:47:03,161 INFO o.s.d.r.c.RepositoryConfigurationDelegate [main] Finished Spring Data repository scanning in 523 ms. Found 4 JPA repository interfaces.
2025-06-10 12:47:09,702 INFO c.z.h.HikariDataSource [main] HikariPool-1 - Starting...
2025-06-10 12:47:10,704 INFO c.z.h.p.HikariPool [main] HikariPool-1 - Added connection com.mysql.cj.jdbc.ConnectionImpl@7bf65e0f
2025-06-10 12:47:10,712 INFO c.z.h.HikariDataSource [main] HikariPool-1 - Start completed.
2025-06-10 12:47:11,490 INFO o.h.j.i.u.LogHelper [main] HHH000204: Processing PersistenceUnitInfo [name: default]
2025-06-10 12:47:12,213 INFO o.h.Version [main] HHH000412: Hibernate ORM core version 6.4.4.Final
2025-06-10 12:47:12,504 INFO o.h.c.i.RegionFactoryInitiator [main] HHH000026: Second-level cache disabled
2025-06-10 12:47:14,506 INFO o.s.o.j.p.SpringPersistenceUnitInfo [main] No LoadTimeWeaver setup: ignoring JPA class transformer
2025-06-10 12:47:14,912 WARN o.h.e.j.d.i.DialectFactoryImpl [main] HHH90000025: MySQL8Dialect does not need to be specified explicitly using 'hibernate.dialect' (remove the property setting and it will be selected by default)
2025-06-10 12:47:14,921 WARN o.h.e.j.d.i.DialectFactoryImpl [main] HHH90000026: MySQL8Dialect has been deprecated; use org.hibernate.dialect.MySQLDialect instead
2025-06-10 12:47:19,265 INFO o.h.e.t.j.p.i.JtaPlatformInitiator [main] HHH000489: No JTA platform available (set 'hibernate.transaction.jta.platform' to enable JTA platform integration)
2025-06-10 12:47:19,512 INFO o.s.o.j.AbstractEntityManagerFactoryBean [main] Initialized JPA EntityManagerFactory for persistence unit 'default'
2025-06-10 12:47:25,132 INFO o.s.d.j.r.q.QueryEnhancerFactory [main] Hibernate is in classpath; If applicable, HQL parser will be used.
2025-06-10 12:47:33,543 WARN o.s.b.a.o.j.JpaBaseConfiguration$JpaWebConfiguration [main] spring.jpa.open-in-view is enabled by default. Therefore, database queries may be performed during view rendering. Explicitly configure spring.jpa.open-in-view to disable this warning
2025-06-10 12:47:46,704 INFO o.s.b.a.e.w.EndpointLinksResolver [main] Exposing 13 endpoint(s) beneath base path '/actuator'
2025-06-10 12:47:47,554 INFO o.s.b.StartupInfoLogger [main] Started DigicellApplicationTests in 58.333 seconds (process running for 64.515)
2025-06-10 12:47:51,767 INFO o.s.o.j.AbstractEntityManagerFactoryBean [SpringApplicationShutdownHook] Closing JPA EntityManagerFactory for persistence unit 'default'
2025-06-10 12:47:51,786 INFO c.z.h.HikariDataSource [SpringApplicationShutdownHook] HikariPool-1 - Shutdown initiated...
2025-06-10 12:47:51,867 INFO c.z.h.HikariDataSource [SpringApplicationShutdownHook] HikariPool-1 - Shutdown completed.
