2025-06-06 18:24:38,320 INFO o.h.v.i.u.Version [background-preinit] HV000001: Hibernate Validator 8.0.1.Final
2025-06-06 18:24:38,599 INFO o.s.b.StartupInfoLogger [main] Starting DigicellApplication using Java 17.0.12 with PID 28888 (C:\Users\chira\OneDrive\Desktop\Eva-Backend\Digicell\target\classes started by chira in C:\Users\chira\OneDrive\Desktop\Eva-Backend\Digicell)
2025-06-06 18:24:38,604 DEBUG o.s.b.StartupInfoLogger [main] Running with Spring Boot v3.2.5, Spring v6.1.6
2025-06-06 18:24:38,608 INFO o.s.b.SpringApplication [main] The following 1 profile is active: "dev"
2025-06-06 18:24:44,234 INFO o.s.d.r.c.RepositoryConfigurationDelegate [main] Bootstrapping Spring Data JPA repositories in DEFAULT mode.
2025-06-06 18:24:44,627 WARN o.s.c.s.AbstractApplicationContext [main] Exception encountered during context initialization - cancelling refresh attempt: org.springframework.beans.factory.support.BeanDefinitionOverrideException: Invalid bean definition with name 'agentRepository' defined in com.api.digicell.repositories.AgentRepository defined in @EnableJpaRepositories declared on JpaRepositoriesRegistrar.EnableJpaRepositoriesConfiguration: Cannot register bean definition [Root bean: class [org.springframework.data.jpa.repository.support.JpaRepositoryFactoryBean]; scope=; abstract=false; lazyInit=false; autowireMode=0; dependencyCheck=0; autowireCandidate=true; primary=false; factoryBeanName=null; factoryMethodName=null; initMethodNames=null; destroyMethodNames=null; defined in com.api.digicell.repositories.AgentRepository defined in @EnableJpaRepositories declared on JpaRepositoriesRegistrar.EnableJpaRepositoriesConfiguration] for bean 'agentRepository' since there is already [Root bean: class [org.springframework.data.jpa.repository.support.JpaRepositoryFactoryBean]; scope=; abstract=false; lazyInit=false; autowireMode=0; dependencyCheck=0; autowireCandidate=true; primary=false; factoryBeanName=null; factoryMethodName=null; initMethodNames=null; destroyMethodNames=null; defined in com.api.digicell.repository.AgentRepository defined in @EnableJpaRepositories declared on JpaRepositoriesRegistrar.EnableJpaRepositoriesConfiguration] bound.
2025-06-06 18:24:44,684 INFO o.s.b.a.l.ConditionEvaluationReportLogger [main] 

Error starting ApplicationContext. To display the condition evaluation report re-run your application with 'debug' enabled.
2025-06-06 18:24:44,761 ERROR o.s.b.d.LoggingFailureAnalysisReporter [main] 

***************************
APPLICATION FAILED TO START
***************************

Description:

The bean 'agentRepository', defined in com.api.digicell.repositories.AgentRepository defined in @EnableJpaRepositories declared on JpaRepositoriesRegistrar.EnableJpaRepositoriesConfiguration, could not be registered. A bean with that name has already been defined in com.api.digicell.repository.AgentRepository defined in @EnableJpaRepositories declared on JpaRepositoriesRegistrar.EnableJpaRepositoriesConfiguration and overriding is disabled.

Action:

Consider renaming one of the beans or enabling overriding by setting spring.main.allow-bean-definition-overriding=true

2025-06-06 18:25:10,938 INFO o.h.v.i.u.Version [background-preinit] HV000001: Hibernate Validator 8.0.1.Final
2025-06-06 18:25:11,105 INFO o.s.b.StartupInfoLogger [main] Starting DigicellApplication using Java 17.0.12 with PID 31136 (C:\Users\chira\OneDrive\Desktop\Eva-Backend\Digicell\target\classes started by chira in C:\Users\chira\OneDrive\Desktop\Eva-Backend\Digicell)
2025-06-06 18:25:11,110 DEBUG o.s.b.StartupInfoLogger [main] Running with Spring Boot v3.2.5, Spring v6.1.6
2025-06-06 18:25:11,113 INFO o.s.b.SpringApplication [main] The following 1 profile is active: "local"
2025-06-06 18:25:16,187 INFO o.s.d.r.c.RepositoryConfigurationDelegate [main] Bootstrapping Spring Data JPA repositories in DEFAULT mode.
2025-06-06 18:25:16,444 WARN o.s.c.s.AbstractApplicationContext [main] Exception encountered during context initialization - cancelling refresh attempt: org.springframework.beans.factory.support.BeanDefinitionOverrideException: Invalid bean definition with name 'agentRepository' defined in com.api.digicell.repositories.AgentRepository defined in @EnableJpaRepositories declared on JpaRepositoriesRegistrar.EnableJpaRepositoriesConfiguration: Cannot register bean definition [Root bean: class [org.springframework.data.jpa.repository.support.JpaRepositoryFactoryBean]; scope=; abstract=false; lazyInit=false; autowireMode=0; dependencyCheck=0; autowireCandidate=true; primary=false; factoryBeanName=null; factoryMethodName=null; initMethodNames=null; destroyMethodNames=null; defined in com.api.digicell.repositories.AgentRepository defined in @EnableJpaRepositories declared on JpaRepositoriesRegistrar.EnableJpaRepositoriesConfiguration] for bean 'agentRepository' since there is already [Root bean: class [org.springframework.data.jpa.repository.support.JpaRepositoryFactoryBean]; scope=; abstract=false; lazyInit=false; autowireMode=0; dependencyCheck=0; autowireCandidate=true; primary=false; factoryBeanName=null; factoryMethodName=null; initMethodNames=null; destroyMethodNames=null; defined in com.api.digicell.repository.AgentRepository defined in @EnableJpaRepositories declared on JpaRepositoriesRegistrar.EnableJpaRepositoriesConfiguration] bound.
2025-06-06 18:25:16,469 INFO o.s.b.a.l.ConditionEvaluationReportLogger [main] 

Error starting ApplicationContext. To display the condition evaluation report re-run your application with 'debug' enabled.
2025-06-06 18:25:16,523 ERROR o.s.b.d.LoggingFailureAnalysisReporter [main] 

***************************
APPLICATION FAILED TO START
***************************

Description:

The bean 'agentRepository', defined in com.api.digicell.repositories.AgentRepository defined in @EnableJpaRepositories declared on JpaRepositoriesRegistrar.EnableJpaRepositoriesConfiguration, could not be registered. A bean with that name has already been defined in com.api.digicell.repository.AgentRepository defined in @EnableJpaRepositories declared on JpaRepositoriesRegistrar.EnableJpaRepositoriesConfiguration and overriding is disabled.

Action:

Consider renaming one of the beans or enabling overriding by setting spring.main.allow-bean-definition-overriding=true

2025-06-06 18:26:14,582 INFO o.h.v.i.u.Version [background-preinit] HV000001: Hibernate Validator 8.0.1.Final
2025-06-06 18:26:14,717 INFO o.s.b.StartupInfoLogger [main] Starting DigicellApplication using Java 17.0.12 with PID 13608 (C:\Users\chira\OneDrive\Desktop\Eva-Backend\Digicell\target\classes started by chira in C:\Users\chira\OneDrive\Desktop\Eva-Backend\Digicell)
2025-06-06 18:26:14,719 DEBUG o.s.b.StartupInfoLogger [main] Running with Spring Boot v3.2.5, Spring v6.1.6
2025-06-06 18:26:14,722 INFO o.s.b.SpringApplication [main] The following 1 profile is active: "local"
2025-06-06 18:26:19,165 INFO o.s.d.r.c.RepositoryConfigurationDelegate [main] Bootstrapping Spring Data JPA repositories in DEFAULT mode.
2025-06-06 18:26:19,352 INFO o.s.d.r.c.RepositoryConfigurationDelegate [main] Finished Spring Data repository scanning in 160 ms. Found 4 JPA repository interfaces.
2025-06-06 18:26:23,033 INFO o.s.b.w.e.t.TomcatWebServer [main] Tomcat initialized with port 8080 (http)
2025-06-06 18:26:23,072 INFO o.a.j.l.DirectJDKLog [main] Initializing ProtocolHandler ["http-nio-8080"]
2025-06-06 18:26:23,091 INFO o.a.j.l.DirectJDKLog [main] Starting service [Tomcat]
2025-06-06 18:26:23,094 INFO o.a.j.l.DirectJDKLog [main] Starting Servlet engine: [Apache Tomcat/10.1.20]
2025-06-06 18:26:23,613 INFO o.a.j.l.DirectJDKLog [main] Initializing Spring embedded WebApplicationContext
2025-06-06 18:26:23,622 INFO o.s.b.w.s.c.ServletWebServerApplicationContext [main] Root WebApplicationContext: initialization completed in 8721 ms
2025-06-06 18:26:24,265 INFO c.z.h.HikariDataSource [main] HikariPool-1 - Starting...
2025-06-06 18:26:25,630 INFO c.z.h.p.HikariPool [main] HikariPool-1 - Added connection com.mysql.cj.jdbc.ConnectionImpl@19ae36f4
2025-06-06 18:26:25,636 INFO c.z.h.HikariDataSource [main] HikariPool-1 - Start completed.
2025-06-06 18:26:26,190 INFO o.h.j.i.u.LogHelper [main] HHH000204: Processing PersistenceUnitInfo [name: default]
2025-06-06 18:26:27,167 INFO o.h.Version [main] HHH000412: Hibernate ORM core version 6.4.4.Final
2025-06-06 18:26:27,342 INFO o.h.c.i.RegionFactoryInitiator [main] HHH000026: Second-level cache disabled
2025-06-06 18:26:28,553 INFO o.s.o.j.p.SpringPersistenceUnitInfo [main] No LoadTimeWeaver setup: ignoring JPA class transformer
2025-06-06 18:26:28,751 WARN o.h.e.j.d.i.DialectFactoryImpl [main] HHH90000025: MySQL8Dialect does not need to be specified explicitly using 'hibernate.dialect' (remove the property setting and it will be selected by default)
2025-06-06 18:26:28,754 WARN o.h.e.j.d.i.DialectFactoryImpl [main] HHH90000026: MySQL8Dialect has been deprecated; use org.hibernate.dialect.MySQLDialect instead
2025-06-06 18:26:32,203 INFO o.h.e.t.j.p.i.JtaPlatformInitiator [main] HHH000489: No JTA platform available (set 'hibernate.transaction.jta.platform' to enable JTA platform integration)
2025-06-06 18:26:32,393 INFO o.s.o.j.AbstractEntityManagerFactoryBean [main] Initialized JPA EntityManagerFactory for persistence unit 'default'
2025-06-06 18:26:34,161 INFO o.s.d.j.r.q.QueryEnhancerFactory [main] Hibernate is in classpath; If applicable, HQL parser will be used.
2025-06-06 18:26:36,617 WARN o.s.b.a.o.j.JpaBaseConfiguration$JpaWebConfiguration [main] spring.jpa.open-in-view is enabled by default. Therefore, database queries may be performed during view rendering. Explicitly configure spring.jpa.open-in-view to disable this warning
2025-06-06 18:26:39,482 WARN o.s.b.a.s.s.UserDetailsServiceAutoConfiguration [main] 

Using generated security password: 7ad078d3-9b7c-4373-8cb9-d97a60fc5e69

This generated password is for development use only. Your security configuration must be updated before running your application in production.

2025-06-06 18:26:39,992 INFO o.s.s.w.DefaultSecurityFilterChain [main] Will secure any request with [org.springframework.security.web.session.DisableEncodeUrlFilter@bc70176, org.springframework.security.web.context.request.async.WebAsyncManagerIntegrationFilter@eba64a9, org.springframework.security.web.context.SecurityContextHolderFilter@193e65d5, org.springframework.security.web.header.HeaderWriterFilter@65dac812, org.springframework.web.filter.CorsFilter@739e8b96, org.springframework.security.web.csrf.CsrfFilter@2175111e, org.springframework.security.web.authentication.logout.LogoutFilter@60ee1a29, org.springframework.security.web.authentication.UsernamePasswordAuthenticationFilter@5c863996, org.springframework.security.web.authentication.ui.DefaultLoginPageGeneratingFilter@6701fbf3, org.springframework.security.web.authentication.ui.DefaultLogoutPageGeneratingFilter@53e1cd6b, org.springframework.security.web.authentication.www.BasicAuthenticationFilter@6b5dc4bb, org.springframework.security.web.savedrequest.RequestCacheAwareFilter@250fc0d1, org.springframework.security.web.servletapi.SecurityContextHolderAwareRequestFilter@7ddf193a, org.springframework.security.web.authentication.AnonymousAuthenticationFilter@7ceb432c, org.springframework.security.web.access.ExceptionTranslationFilter@3938e876, org.springframework.security.web.access.intercept.AuthorizationFilter@75fb04ee]
2025-06-06 18:26:40,346 INFO o.a.j.l.DirectJDKLog [main] Starting ProtocolHandler ["http-nio-8080"]
2025-06-06 18:26:40,484 INFO o.s.b.w.e.t.TomcatWebServer [main] Tomcat started on port 8080 (http) with context path ''
2025-06-06 18:26:40,524 INFO o.s.b.StartupInfoLogger [main] Started DigicellApplication in 27.49 seconds (process running for 28.348)
2025-06-06 18:26:46,824 INFO o.a.j.l.DirectJDKLog [http-nio-8080-exec-1] Initializing Spring DispatcherServlet 'dispatcherServlet'
2025-06-06 18:26:46,827 INFO o.s.w.s.FrameworkServlet [http-nio-8080-exec-1] Initializing Servlet 'dispatcherServlet'
2025-06-06 18:26:46,834 INFO o.s.w.s.FrameworkServlet [http-nio-8080-exec-1] Completed initialization in 5 ms
2025-06-06 18:26:47,111 WARN o.a.j.l.DirectJDKLog [http-nio-8080-exec-1] Creation of SecureRandom instance for session ID generation using [SHA1PRNG] took [162] milliseconds.
2025-06-06 18:27:45,565 INFO o.h.v.i.u.Version [background-preinit] HV000001: Hibernate Validator 8.0.1.Final
2025-06-06 18:27:45,698 INFO o.s.b.StartupInfoLogger [main] Starting DigicellApplication using Java 17.0.12 with PID 32904 (C:\Users\chira\OneDrive\Desktop\Eva-Backend\Digicell\target\classes started by chira in C:\Users\chira\OneDrive\Desktop\Eva-Backend\Digicell)
2025-06-06 18:27:45,701 DEBUG o.s.b.StartupInfoLogger [main] Running with Spring Boot v3.2.5, Spring v6.1.6
2025-06-06 18:27:45,704 INFO o.s.b.SpringApplication [main] The following 1 profile is active: "local"
2025-06-06 18:27:50,886 INFO o.s.d.r.c.RepositoryConfigurationDelegate [main] Bootstrapping Spring Data JPA repositories in DEFAULT mode.
2025-06-06 18:27:51,252 INFO o.s.d.r.c.RepositoryConfigurationDelegate [main] Finished Spring Data repository scanning in 320 ms. Found 4 JPA repository interfaces.
2025-06-06 18:27:56,452 INFO o.s.b.w.e.t.TomcatWebServer [main] Tomcat initialized with port 8080 (http)
2025-06-06 18:27:56,494 INFO o.a.j.l.DirectJDKLog [main] Initializing ProtocolHandler ["http-nio-8080"]
2025-06-06 18:27:56,504 INFO o.a.j.l.DirectJDKLog [main] Starting service [Tomcat]
2025-06-06 18:27:56,506 INFO o.a.j.l.DirectJDKLog [main] Starting Servlet engine: [Apache Tomcat/10.1.20]
2025-06-06 18:27:56,924 INFO o.a.j.l.DirectJDKLog [main] Initializing Spring embedded WebApplicationContext
2025-06-06 18:27:56,933 INFO o.s.b.w.s.c.ServletWebServerApplicationContext [main] Root WebApplicationContext: initialization completed in 11089 ms
2025-06-06 18:27:57,601 INFO c.z.h.HikariDataSource [main] HikariPool-1 - Starting...
2025-06-06 18:27:59,008 INFO c.z.h.p.HikariPool [main] HikariPool-1 - Added connection com.mysql.cj.jdbc.ConnectionImpl@69a373fd
2025-06-06 18:27:59,021 INFO c.z.h.HikariDataSource [main] HikariPool-1 - Start completed.
2025-06-06 18:27:59,904 INFO o.h.j.i.u.LogHelper [main] HHH000204: Processing PersistenceUnitInfo [name: default]
2025-06-06 18:28:00,081 INFO o.h.Version [main] HHH000412: Hibernate ORM core version 6.4.4.Final
2025-06-06 18:28:00,184 INFO o.h.c.i.RegionFactoryInitiator [main] HHH000026: Second-level cache disabled
2025-06-06 18:28:00,743 INFO o.s.o.j.p.SpringPersistenceUnitInfo [main] No LoadTimeWeaver setup: ignoring JPA class transformer
2025-06-06 18:28:00,920 WARN o.h.e.j.d.i.DialectFactoryImpl [main] HHH90000025: MySQL8Dialect does not need to be specified explicitly using 'hibernate.dialect' (remove the property setting and it will be selected by default)
2025-06-06 18:28:00,923 WARN o.h.e.j.d.i.DialectFactoryImpl [main] HHH90000026: MySQL8Dialect has been deprecated; use org.hibernate.dialect.MySQLDialect instead
2025-06-06 18:28:03,410 INFO o.h.e.t.j.p.i.JtaPlatformInitiator [main] HHH000489: No JTA platform available (set 'hibernate.transaction.jta.platform' to enable JTA platform integration)
2025-06-06 18:28:03,626 INFO o.s.o.j.AbstractEntityManagerFactoryBean [main] Initialized JPA EntityManagerFactory for persistence unit 'default'
2025-06-06 18:28:05,345 INFO o.s.d.j.r.q.QueryEnhancerFactory [main] Hibernate is in classpath; If applicable, HQL parser will be used.
2025-06-06 18:28:07,594 WARN o.s.b.a.o.j.JpaBaseConfiguration$JpaWebConfiguration [main] spring.jpa.open-in-view is enabled by default. Therefore, database queries may be performed during view rendering. Explicitly configure spring.jpa.open-in-view to disable this warning
2025-06-06 18:28:10,538 WARN o.s.b.a.s.s.UserDetailsServiceAutoConfiguration [main] 

Using generated security password: a2a460d0-65bd-45d5-a115-62a8ec3362ed

This generated password is for development use only. Your security configuration must be updated before running your application in production.

2025-06-06 18:28:11,681 INFO o.s.s.w.DefaultSecurityFilterChain [main] Will secure any request with [org.springframework.security.web.session.DisableEncodeUrlFilter@64a9719a, org.springframework.security.web.context.request.async.WebAsyncManagerIntegrationFilter@bc70176, org.springframework.security.web.context.SecurityContextHolderFilter@7de4bd8f, org.springframework.security.web.header.HeaderWriterFilter@70b2819f, org.springframework.web.filter.CorsFilter@10980560, org.springframework.security.web.csrf.CsrfFilter@22d82fe8, org.springframework.security.web.authentication.logout.LogoutFilter@747e0a31, org.springframework.security.web.authentication.UsernamePasswordAuthenticationFilter@75fb04ee, org.springframework.security.web.authentication.ui.DefaultLoginPageGeneratingFilter@5ec10ab1, org.springframework.security.web.authentication.ui.DefaultLogoutPageGeneratingFilter@eba64a9, org.springframework.security.web.authentication.www.BasicAuthenticationFilter@25e95d04, org.springframework.security.web.savedrequest.RequestCacheAwareFilter@2a97b4b8, org.springframework.security.web.servletapi.SecurityContextHolderAwareRequestFilter@250fc0d1, org.springframework.security.web.authentication.AnonymousAuthenticationFilter@53e1cd6b, org.springframework.security.web.access.ExceptionTranslationFilter@52268f73, org.springframework.security.web.access.intercept.AuthorizationFilter@5080c40e]
2025-06-06 18:28:12,088 INFO o.a.j.l.DirectJDKLog [main] Starting ProtocolHandler ["http-nio-8080"]
2025-06-06 18:28:12,224 INFO o.s.b.w.e.t.TomcatWebServer [main] Tomcat started on port 8080 (http) with context path ''
2025-06-06 18:28:12,252 INFO o.s.b.StartupInfoLogger [main] Started DigicellApplication in 28.026 seconds (process running for 28.843)
2025-06-06 18:28:17,174 INFO o.a.j.l.DirectJDKLog [http-nio-8080-exec-1] Initializing Spring DispatcherServlet 'dispatcherServlet'
2025-06-06 18:28:17,175 INFO o.s.w.s.FrameworkServlet [http-nio-8080-exec-1] Initializing Servlet 'dispatcherServlet'
2025-06-06 18:28:17,179 INFO o.s.w.s.FrameworkServlet [http-nio-8080-exec-1] Completed initialization in 2 ms
2025-06-06 18:28:17,406 WARN o.a.j.l.DirectJDKLog [http-nio-8080-exec-1] Creation of SecureRandom instance for session ID generation using [SHA1PRNG] took [155] milliseconds.
2025-06-06 18:33:42,471 INFO o.h.v.i.u.Version [background-preinit] HV000001: Hibernate Validator 8.0.1.Final
2025-06-06 18:33:42,560 INFO o.s.b.StartupInfoLogger [main] Starting DigicellApplication using Java 17.0.12 with PID 26984 (C:\Users\chira\OneDrive\Desktop\Eva-Backend\Digicell\target\classes started by chira in C:\Users\chira\OneDrive\Desktop\Eva-Backend\Digicell)
2025-06-06 18:33:42,562 DEBUG o.s.b.StartupInfoLogger [main] Running with Spring Boot v3.2.5, Spring v6.1.6
2025-06-06 18:33:42,564 INFO o.s.b.SpringApplication [main] The following 1 profile is active: "local"
2025-06-06 18:33:46,188 INFO o.s.d.r.c.RepositoryConfigurationDelegate [main] Bootstrapping Spring Data JPA repositories in DEFAULT mode.
2025-06-06 18:33:46,590 INFO o.s.d.r.c.RepositoryConfigurationDelegate [main] Finished Spring Data repository scanning in 347 ms. Found 4 JPA repository interfaces.
2025-06-06 18:33:49,674 INFO o.s.b.w.e.t.TomcatWebServer [main] Tomcat initialized with port 8080 (http)
2025-06-06 18:33:49,762 INFO o.a.j.l.DirectJDKLog [main] Initializing ProtocolHandler ["http-nio-8080"]
2025-06-06 18:33:49,782 INFO o.a.j.l.DirectJDKLog [main] Starting service [Tomcat]
2025-06-06 18:33:49,785 INFO o.a.j.l.DirectJDKLog [main] Starting Servlet engine: [Apache Tomcat/10.1.20]
2025-06-06 18:33:50,269 INFO o.a.j.l.DirectJDKLog [main] Initializing Spring embedded WebApplicationContext
2025-06-06 18:33:50,277 INFO o.s.b.w.s.c.ServletWebServerApplicationContext [main] Root WebApplicationContext: initialization completed in 7563 ms
2025-06-06 18:33:50,810 INFO c.z.h.HikariDataSource [main] HikariPool-1 - Starting...
2025-06-06 18:33:52,424 INFO c.z.h.p.HikariPool [main] HikariPool-1 - Added connection com.mysql.cj.jdbc.ConnectionImpl@256589a1
2025-06-06 18:33:52,430 INFO c.z.h.HikariDataSource [main] HikariPool-1 - Start completed.
2025-06-06 18:33:52,854 INFO o.h.j.i.u.LogHelper [main] HHH000204: Processing PersistenceUnitInfo [name: default]
2025-06-06 18:33:53,321 INFO o.h.Version [main] HHH000412: Hibernate ORM core version 6.4.4.Final
2025-06-06 18:33:53,602 INFO o.h.c.i.RegionFactoryInitiator [main] HHH000026: Second-level cache disabled
2025-06-06 18:33:55,220 INFO o.s.o.j.p.SpringPersistenceUnitInfo [main] No LoadTimeWeaver setup: ignoring JPA class transformer
2025-06-06 18:33:55,611 WARN o.h.e.j.d.i.DialectFactoryImpl [main] HHH90000025: MySQL8Dialect does not need to be specified explicitly using 'hibernate.dialect' (remove the property setting and it will be selected by default)
2025-06-06 18:33:55,620 WARN o.h.e.j.d.i.DialectFactoryImpl [main] HHH90000026: MySQL8Dialect has been deprecated; use org.hibernate.dialect.MySQLDialect instead
2025-06-06 18:33:58,540 INFO o.h.e.t.j.p.i.JtaPlatformInitiator [main] HHH000489: No JTA platform available (set 'hibernate.transaction.jta.platform' to enable JTA platform integration)
2025-06-06 18:33:58,724 INFO o.s.o.j.AbstractEntityManagerFactoryBean [main] Initialized JPA EntityManagerFactory for persistence unit 'default'
2025-06-06 18:34:00,479 INFO o.s.d.j.r.q.QueryEnhancerFactory [main] Hibernate is in classpath; If applicable, HQL parser will be used.
2025-06-06 18:34:03,381 WARN o.s.b.a.o.j.JpaBaseConfiguration$JpaWebConfiguration [main] spring.jpa.open-in-view is enabled by default. Therefore, database queries may be performed during view rendering. Explicitly configure spring.jpa.open-in-view to disable this warning
2025-06-06 18:34:05,950 INFO o.a.j.l.DirectJDKLog [main] Starting ProtocolHandler ["http-nio-8080"]
2025-06-06 18:34:06,067 INFO o.s.b.w.e.t.TomcatWebServer [main] Tomcat started on port 8080 (http) with context path ''
2025-06-06 18:34:06,100 INFO o.s.b.StartupInfoLogger [main] Started DigicellApplication in 24.74 seconds (process running for 25.377)
2025-06-06 18:34:55,268 INFO o.a.j.l.DirectJDKLog [http-nio-8080-exec-2] Initializing Spring DispatcherServlet 'dispatcherServlet'
2025-06-06 18:34:55,272 INFO o.s.w.s.FrameworkServlet [http-nio-8080-exec-2] Initializing Servlet 'dispatcherServlet'
2025-06-06 18:34:55,277 INFO o.s.w.s.FrameworkServlet [http-nio-8080-exec-2] Completed initialization in 2 ms
2025-06-06 18:35:04,200 INFO o.s.a.AbstractOpenApiResource [http-nio-8080-exec-4] Init duration for springdoc-openapi is: 8259 ms
2025-06-06 18:36:13,488 INFO o.h.v.i.u.Version [background-preinit] HV000001: Hibernate Validator 8.0.1.Final
2025-06-06 18:36:13,622 INFO o.s.b.StartupInfoLogger [main] Starting DigicellApplication using Java 17.0.12 with PID 29532 (C:\Users\chira\OneDrive\Desktop\Eva-Backend\Digicell\target\classes started by chira in C:\Users\chira\OneDrive\Desktop\Eva-Backend\Digicell)
2025-06-06 18:36:13,626 DEBUG o.s.b.StartupInfoLogger [main] Running with Spring Boot v3.2.5, Spring v6.1.6
2025-06-06 18:36:13,629 INFO o.s.b.SpringApplication [main] The following 1 profile is active: "local"
2025-06-06 18:36:17,945 INFO o.s.d.r.c.RepositoryConfigurationDelegate [main] Bootstrapping Spring Data JPA repositories in DEFAULT mode.
2025-06-06 18:36:18,288 INFO o.s.d.r.c.RepositoryConfigurationDelegate [main] Finished Spring Data repository scanning in 308 ms. Found 4 JPA repository interfaces.
2025-06-06 18:36:23,144 INFO o.s.b.w.e.t.TomcatWebServer [main] Tomcat initialized with port 8080 (http)
2025-06-06 18:36:23,212 INFO o.a.j.l.DirectJDKLog [main] Initializing ProtocolHandler ["http-nio-8080"]
2025-06-06 18:36:23,233 INFO o.a.j.l.DirectJDKLog [main] Starting service [Tomcat]
2025-06-06 18:36:23,238 INFO o.a.j.l.DirectJDKLog [main] Starting Servlet engine: [Apache Tomcat/10.1.20]
2025-06-06 18:36:23,940 INFO o.a.j.l.DirectJDKLog [main] Initializing Spring embedded WebApplicationContext
2025-06-06 18:36:23,950 INFO o.s.b.w.s.c.ServletWebServerApplicationContext [main] Root WebApplicationContext: initialization completed in 10117 ms
2025-06-06 18:36:24,601 INFO c.z.h.HikariDataSource [main] HikariPool-1 - Starting...
2025-06-06 18:36:26,757 INFO c.z.h.p.HikariPool [main] HikariPool-1 - Added connection com.mysql.cj.jdbc.ConnectionImpl@ca7e37f
2025-06-06 18:36:26,765 INFO c.z.h.HikariDataSource [main] HikariPool-1 - Start completed.
2025-06-06 18:36:27,107 INFO o.h.j.i.u.LogHelper [main] HHH000204: Processing PersistenceUnitInfo [name: default]
2025-06-06 18:36:27,591 INFO o.h.Version [main] HHH000412: Hibernate ORM core version 6.4.4.Final
2025-06-06 18:36:27,857 INFO o.h.c.i.RegionFactoryInitiator [main] HHH000026: Second-level cache disabled
2025-06-06 18:36:28,666 INFO o.s.o.j.p.SpringPersistenceUnitInfo [main] No LoadTimeWeaver setup: ignoring JPA class transformer
2025-06-06 18:36:28,867 WARN o.h.e.j.d.i.DialectFactoryImpl [main] HHH90000025: MySQL8Dialect does not need to be specified explicitly using 'hibernate.dialect' (remove the property setting and it will be selected by default)
2025-06-06 18:36:28,873 WARN o.h.e.j.d.i.DialectFactoryImpl [main] HHH90000026: MySQL8Dialect has been deprecated; use org.hibernate.dialect.MySQLDialect instead
2025-06-06 18:36:31,133 INFO o.h.e.t.j.p.i.JtaPlatformInitiator [main] HHH000489: No JTA platform available (set 'hibernate.transaction.jta.platform' to enable JTA platform integration)
2025-06-06 18:36:31,310 INFO o.s.o.j.AbstractEntityManagerFactoryBean [main] Initialized JPA EntityManagerFactory for persistence unit 'default'
2025-06-06 18:36:32,391 INFO o.s.d.j.r.q.QueryEnhancerFactory [main] Hibernate is in classpath; If applicable, HQL parser will be used.
2025-06-06 18:36:34,520 WARN o.s.b.a.o.j.JpaBaseConfiguration$JpaWebConfiguration [main] spring.jpa.open-in-view is enabled by default. Therefore, database queries may be performed during view rendering. Explicitly configure spring.jpa.open-in-view to disable this warning
2025-06-06 18:36:36,158 INFO o.a.j.l.DirectJDKLog [main] Starting ProtocolHandler ["http-nio-8080"]
2025-06-06 18:36:36,255 INFO o.s.b.w.e.t.TomcatWebServer [main] Tomcat started on port 8080 (http) with context path ''
2025-06-06 18:36:36,302 INFO o.s.b.StartupInfoLogger [main] Started DigicellApplication in 24.955 seconds (process running for 26.345)
2025-06-06 18:36:41,484 INFO o.a.j.l.DirectJDKLog [http-nio-8080-exec-1] Initializing Spring DispatcherServlet 'dispatcherServlet'
2025-06-06 18:36:41,486 INFO o.s.w.s.FrameworkServlet [http-nio-8080-exec-1] Initializing Servlet 'dispatcherServlet'
2025-06-06 18:36:41,491 INFO o.s.w.s.FrameworkServlet [http-nio-8080-exec-1] Completed initialization in 5 ms
2025-06-06 18:36:45,074 INFO o.s.a.AbstractOpenApiResource [http-nio-8080-exec-4] Init duration for springdoc-openapi is: 2667 ms
2025-06-06 18:36:50,559 INFO c.a.d.c.AgentController [http-nio-8080-exec-7] Received request to get details for agent: 1
2025-06-06 18:36:50,585 INFO c.a.d.s.AgentService [http-nio-8080-exec-7] Fetching agent details for id: 1
2025-06-06 18:36:51,035 DEBUG c.a.d.c.ChatHistoryConverter [http-nio-8080-exec-7] Converting JSON to chat history
2025-06-06 18:36:51,044 DEBUG c.a.d.c.ChatHistoryConverter [http-nio-8080-exec-7] Converting chat history with 1 sessions to JSON
2025-06-06 18:36:51,051 DEBUG c.a.d.c.ChatHistoryConverter [http-nio-8080-exec-7] Converting JSON to chat history
2025-06-06 18:36:51,060 INFO c.a.d.s.AgentService [http-nio-8080-exec-7] Found 1 conversations for agent 1
2025-06-06 18:36:51,063 DEBUG c.a.d.s.AgentService [http-nio-8080-exec-7] Agent conversations details - id: 1, conversation count: 1, conversation ids: [12]
2025-06-06 18:36:51,066 INFO c.a.d.s.AgentService [http-nio-8080-exec-7] Successfully fetched agent details for id: 1
2025-06-06 18:36:51,069 DEBUG c.a.d.s.AgentService [http-nio-8080-exec-7] Agent details response - id: 1, name: Alice, status: LOGOUT, conversation count: 1
2025-06-06 18:37:16,848 INFO c.a.d.c.AgentController [http-nio-8080-exec-5] Received request to get details for agent: 10
2025-06-06 18:37:16,854 INFO c.a.d.s.AgentService [http-nio-8080-exec-5] Fetching agent details for id: 10
2025-06-06 18:37:16,870 DEBUG c.a.d.c.ChatHistoryConverter [http-nio-8080-exec-5] Converting JSON to chat history
2025-06-06 18:37:16,873 DEBUG c.a.d.c.ChatHistoryConverter [http-nio-8080-exec-5] Converting chat history with 1 sessions to JSON
2025-06-06 18:37:16,875 DEBUG c.a.d.c.ChatHistoryConverter [http-nio-8080-exec-5] Converting JSON to chat history
2025-06-06 18:37:16,878 INFO c.a.d.s.AgentService [http-nio-8080-exec-5] Found 1 conversations for agent 10
2025-06-06 18:37:16,880 DEBUG c.a.d.s.AgentService [http-nio-8080-exec-5] Agent conversations details - id: 10, conversation count: 1, conversation ids: [14]
2025-06-06 18:37:16,881 INFO c.a.d.s.AgentService [http-nio-8080-exec-5] Successfully fetched agent details for id: 10
2025-06-06 18:37:16,882 DEBUG c.a.d.s.AgentService [http-nio-8080-exec-5] Agent details response - id: 10, name: Judy Agent, status: AVAILABLE, conversation count: 1
2025-06-06 18:37:33,763 INFO c.a.d.c.UserController [http-nio-8080-exec-1] Received request to get details for user: 1
2025-06-06 18:37:33,764 INFO c.a.d.s.UserService [http-nio-8080-exec-1] Fetching user details for id: 1
2025-06-06 18:37:33,799 DEBUG c.a.d.c.ChatHistoryConverter [http-nio-8080-exec-1] Converting JSON to chat history
2025-06-06 18:37:33,806 DEBUG c.a.d.c.ChatHistoryConverter [http-nio-8080-exec-1] Converting chat history with 1 sessions to JSON
2025-06-06 18:37:33,811 DEBUG c.a.d.c.ChatHistoryConverter [http-nio-8080-exec-1] Converting JSON to chat history
2025-06-06 18:37:33,813 DEBUG c.a.d.s.UserService [http-nio-8080-exec-1] Found 1 conversations for user 1
2025-06-06 18:37:33,819 INFO c.a.d.s.UserService [http-nio-8080-exec-1] Successfully fetched user details for id: 1
2025-06-06 18:37:33,822 DEBUG c.a.d.c.UserController [http-nio-8080-exec-1] Successfully fetched details for user: 1
2025-06-06 18:39:49,890 INFO o.h.v.i.u.Version [background-preinit] HV000001: Hibernate Validator 8.0.1.Final
2025-06-06 18:39:50,037 INFO o.s.b.StartupInfoLogger [main] Starting DigicellApplicationTests using Java 17.0.12 with PID 29340 (started by chira in C:\Users\chira\OneDrive\Desktop\Eva-Backend\Digicell)
2025-06-06 18:39:50,044 DEBUG o.s.b.StartupInfoLogger [main] Running with Spring Boot v3.2.5, Spring v6.1.6
2025-06-06 18:39:50,052 INFO o.s.b.SpringApplication [main] The following 1 profile is active: "dev"
2025-06-06 18:39:54,852 INFO o.s.d.r.c.RepositoryConfigurationDelegate [main] Bootstrapping Spring Data JPA repositories in DEFAULT mode.
2025-06-06 18:39:55,303 INFO o.s.d.r.c.RepositoryConfigurationDelegate [main] Finished Spring Data repository scanning in 404 ms. Found 4 JPA repository interfaces.
2025-06-06 18:39:57,956 INFO c.z.h.HikariDataSource [main] HikariPool-1 - Starting...
2025-06-06 18:39:59,116 INFO c.z.h.p.HikariPool [main] HikariPool-1 - Added connection com.mysql.cj.jdbc.ConnectionImpl@34a20f16
2025-06-06 18:39:59,131 INFO c.z.h.HikariDataSource [main] HikariPool-1 - Start completed.
2025-06-06 18:39:59,721 INFO o.h.j.i.u.LogHelper [main] HHH000204: Processing PersistenceUnitInfo [name: default]
2025-06-06 18:40:00,199 INFO o.h.Version [main] HHH000412: Hibernate ORM core version 6.4.4.Final
2025-06-06 18:40:00,608 INFO o.h.c.i.RegionFactoryInitiator [main] HHH000026: Second-level cache disabled
2025-06-06 18:40:02,425 INFO o.s.o.j.p.SpringPersistenceUnitInfo [main] No LoadTimeWeaver setup: ignoring JPA class transformer
2025-06-06 18:40:02,908 WARN o.h.e.j.d.i.DialectFactoryImpl [main] HHH90000025: MySQL8Dialect does not need to be specified explicitly using 'hibernate.dialect' (remove the property setting and it will be selected by default)
2025-06-06 18:40:02,917 WARN o.h.e.j.d.i.DialectFactoryImpl [main] HHH90000026: MySQL8Dialect has been deprecated; use org.hibernate.dialect.MySQLDialect instead
2025-06-06 18:40:10,911 INFO o.h.e.t.j.p.i.JtaPlatformInitiator [main] HHH000489: No JTA platform available (set 'hibernate.transaction.jta.platform' to enable JTA platform integration)
2025-06-06 18:40:11,335 INFO o.s.o.j.AbstractEntityManagerFactoryBean [main] Initialized JPA EntityManagerFactory for persistence unit 'default'
2025-06-06 18:40:12,466 INFO o.s.d.j.r.q.QueryEnhancerFactory [main] Hibernate is in classpath; If applicable, HQL parser will be used.
2025-06-06 18:40:15,483 WARN o.s.b.a.o.j.JpaBaseConfiguration$JpaWebConfiguration [main] spring.jpa.open-in-view is enabled by default. Therefore, database queries may be performed during view rendering. Explicitly configure spring.jpa.open-in-view to disable this warning
2025-06-06 18:40:17,264 INFO o.s.b.StartupInfoLogger [main] Started DigicellApplicationTests in 28.959 seconds (process running for 33.262)
2025-06-06 18:40:19,005 INFO o.s.o.j.AbstractEntityManagerFactoryBean [SpringApplicationShutdownHook] Closing JPA EntityManagerFactory for persistence unit 'default'
2025-06-06 18:40:19,011 INFO c.z.h.HikariDataSource [SpringApplicationShutdownHook] HikariPool-1 - Shutdown initiated...
2025-06-06 18:40:19,039 INFO c.z.h.HikariDataSource [SpringApplicationShutdownHook] HikariPool-1 - Shutdown completed.
2025-06-08 14:35:58,688 INFO o.h.v.i.u.Version [background-preinit] HV000001: Hibernate Validator 8.0.1.Final
2025-06-08 14:35:58,766 INFO o.s.b.StartupInfoLogger [main] Starting DigicellApplication using Java 17.0.12 with PID 30564 (C:\Users\chira\OneDrive\Desktop\Eva-Backend\Digicell\target\classes started by chira in C:\Users\chira\OneDrive\Desktop\Eva-Backend\Digicell)
2025-06-08 14:35:58,768 DEBUG o.s.b.StartupInfoLogger [main] Running with Spring Boot v3.2.5, Spring v6.1.6
2025-06-08 14:35:58,769 INFO o.s.b.SpringApplication [main] The following 1 profile is active: "dev"
2025-06-08 14:36:00,818 INFO o.s.d.r.c.RepositoryConfigurationDelegate [main] Bootstrapping Spring Data JPA repositories in DEFAULT mode.
2025-06-08 14:36:00,955 INFO o.s.d.r.c.RepositoryConfigurationDelegate [main] Finished Spring Data repository scanning in 120 ms. Found 4 JPA repository interfaces.
2025-06-08 14:36:02,750 INFO o.s.b.w.e.t.TomcatWebServer [main] Tomcat initialized with port 8083 (http)
2025-06-08 14:36:02,789 INFO o.a.j.l.DirectJDKLog [main] Initializing ProtocolHandler ["http-nio-8083"]
2025-06-08 14:36:02,797 INFO o.a.j.l.DirectJDKLog [main] Starting service [Tomcat]
2025-06-08 14:36:02,798 INFO o.a.j.l.DirectJDKLog [main] Starting Servlet engine: [Apache Tomcat/10.1.20]
2025-06-08 14:36:02,933 INFO o.a.j.l.DirectJDKLog [main] Initializing Spring embedded WebApplicationContext
2025-06-08 14:36:02,936 INFO o.s.b.w.s.c.ServletWebServerApplicationContext [main] Root WebApplicationContext: initialization completed in 4074 ms
2025-06-08 14:36:03,389 INFO c.z.h.HikariDataSource [main] HikariPool-1 - Starting...
2025-06-08 14:36:03,973 INFO c.z.h.p.HikariPool [main] HikariPool-1 - Added connection com.mysql.cj.jdbc.ConnectionImpl@8fcc534
2025-06-08 14:36:03,977 INFO c.z.h.HikariDataSource [main] HikariPool-1 - Start completed.
2025-06-08 14:36:04,286 INFO o.h.j.i.u.LogHelper [main] HHH000204: Processing PersistenceUnitInfo [name: default]
2025-06-08 14:36:04,391 INFO o.h.Version [main] HHH000412: Hibernate ORM core version 6.4.4.Final
2025-06-08 14:36:04,474 INFO o.h.c.i.RegionFactoryInitiator [main] HHH000026: Second-level cache disabled
2025-06-08 14:36:04,797 INFO o.s.o.j.p.SpringPersistenceUnitInfo [main] No LoadTimeWeaver setup: ignoring JPA class transformer
2025-06-08 14:36:04,916 WARN o.h.e.j.d.i.DialectFactoryImpl [main] HHH90000025: MySQL8Dialect does not need to be specified explicitly using 'hibernate.dialect' (remove the property setting and it will be selected by default)
2025-06-08 14:36:04,918 WARN o.h.e.j.d.i.DialectFactoryImpl [main] HHH90000026: MySQL8Dialect has been deprecated; use org.hibernate.dialect.MySQLDialect instead
2025-06-08 14:36:06,808 INFO o.h.e.t.j.p.i.JtaPlatformInitiator [main] HHH000489: No JTA platform available (set 'hibernate.transaction.jta.platform' to enable JTA platform integration)
2025-06-08 14:36:06,955 INFO o.s.o.j.AbstractEntityManagerFactoryBean [main] Initialized JPA EntityManagerFactory for persistence unit 'default'
2025-06-08 14:36:07,803 INFO o.s.d.j.r.q.QueryEnhancerFactory [main] Hibernate is in classpath; If applicable, HQL parser will be used.
2025-06-08 14:36:10,302 WARN o.s.b.a.o.j.JpaBaseConfiguration$JpaWebConfiguration [main] spring.jpa.open-in-view is enabled by default. Therefore, database queries may be performed during view rendering. Explicitly configure spring.jpa.open-in-view to disable this warning
2025-06-08 14:36:13,828 INFO o.a.j.l.DirectJDKLog [main] Starting ProtocolHandler ["http-nio-8083"]
2025-06-08 14:36:14,045 INFO o.s.b.w.e.t.TomcatWebServer [main] Tomcat started on port 8083 (http) with context path '/digicel'
2025-06-08 14:36:14,091 INFO o.s.b.StartupInfoLogger [main] Started DigicellApplication in 16.446 seconds (process running for 17.096)
2025-06-08 14:37:59,207 INFO o.h.v.i.u.Version [background-preinit] HV000001: Hibernate Validator 8.0.1.Final
2025-06-08 14:37:59,310 INFO o.s.b.StartupInfoLogger [main] Starting DigicellApplication using Java 17.0.12 with PID 13136 (C:\Users\chira\OneDrive\Desktop\Eva-Backend\Digicell\target\classes started by chira in C:\Users\chira\OneDrive\Desktop\Eva-Backend\Digicell)
2025-06-08 14:37:59,311 DEBUG o.s.b.StartupInfoLogger [main] Running with Spring Boot v3.2.5, Spring v6.1.6
2025-06-08 14:37:59,313 INFO o.s.b.SpringApplication [main] The following 1 profile is active: "local"
2025-06-08 14:38:01,092 INFO o.s.d.r.c.RepositoryConfigurationDelegate [main] Bootstrapping Spring Data JPA repositories in DEFAULT mode.
2025-06-08 14:38:01,243 INFO o.s.d.r.c.RepositoryConfigurationDelegate [main] Finished Spring Data repository scanning in 132 ms. Found 4 JPA repository interfaces.
2025-06-08 14:38:02,639 INFO o.s.b.w.e.t.TomcatWebServer [main] Tomcat initialized with port 8080 (http)
2025-06-08 14:38:02,655 INFO o.a.j.l.DirectJDKLog [main] Initializing ProtocolHandler ["http-nio-8080"]
2025-06-08 14:38:02,660 INFO o.a.j.l.DirectJDKLog [main] Starting service [Tomcat]
2025-06-08 14:38:02,661 INFO o.a.j.l.DirectJDKLog [main] Starting Servlet engine: [Apache Tomcat/10.1.20]
2025-06-08 14:38:02,831 INFO o.a.j.l.DirectJDKLog [main] Initializing Spring embedded WebApplicationContext
2025-06-08 14:38:02,836 INFO o.s.b.w.s.c.ServletWebServerApplicationContext [main] Root WebApplicationContext: initialization completed in 3434 ms
2025-06-08 14:38:03,129 INFO c.z.h.HikariDataSource [main] HikariPool-1 - Starting...
2025-06-08 14:38:03,949 INFO c.z.h.p.HikariPool [main] HikariPool-1 - Added connection com.mysql.cj.jdbc.ConnectionImpl@251a90ce
2025-06-08 14:38:03,954 INFO c.z.h.HikariDataSource [main] HikariPool-1 - Start completed.
2025-06-08 14:38:04,279 INFO o.h.j.i.u.LogHelper [main] HHH000204: Processing PersistenceUnitInfo [name: default]
2025-06-08 14:38:04,527 INFO o.h.Version [main] HHH000412: Hibernate ORM core version 6.4.4.Final
2025-06-08 14:38:04,595 INFO o.h.c.i.RegionFactoryInitiator [main] HHH000026: Second-level cache disabled
2025-06-08 14:38:05,261 INFO o.s.o.j.p.SpringPersistenceUnitInfo [main] No LoadTimeWeaver setup: ignoring JPA class transformer
2025-06-08 14:38:05,435 WARN o.h.e.j.d.i.DialectFactoryImpl [main] HHH90000025: MySQL8Dialect does not need to be specified explicitly using 'hibernate.dialect' (remove the property setting and it will be selected by default)
2025-06-08 14:38:05,439 WARN o.h.e.j.d.i.DialectFactoryImpl [main] HHH90000026: MySQL8Dialect has been deprecated; use org.hibernate.dialect.MySQLDialect instead
2025-06-08 14:38:07,654 INFO o.h.e.t.j.p.i.JtaPlatformInitiator [main] HHH000489: No JTA platform available (set 'hibernate.transaction.jta.platform' to enable JTA platform integration)
2025-06-08 14:38:07,841 INFO o.s.o.j.AbstractEntityManagerFactoryBean [main] Initialized JPA EntityManagerFactory for persistence unit 'default'
2025-06-08 14:38:09,101 INFO o.s.d.j.r.q.QueryEnhancerFactory [main] Hibernate is in classpath; If applicable, HQL parser will be used.
2025-06-08 14:38:11,996 WARN o.s.b.a.o.j.JpaBaseConfiguration$JpaWebConfiguration [main] spring.jpa.open-in-view is enabled by default. Therefore, database queries may be performed during view rendering. Explicitly configure spring.jpa.open-in-view to disable this warning
2025-06-08 14:38:13,982 INFO o.a.j.l.DirectJDKLog [main] Starting ProtocolHandler ["http-nio-8080"]
2025-06-08 14:38:14,057 INFO o.s.b.w.e.t.TomcatWebServer [main] Tomcat started on port 8080 (http) with context path '/digicel'
2025-06-08 14:38:14,093 INFO o.s.b.StartupInfoLogger [main] Started DigicellApplication in 16.228 seconds (process running for 17.178)
2025-06-08 14:38:48,222 INFO o.a.j.l.DirectJDKLog [http-nio-8080-exec-1] Initializing Spring DispatcherServlet 'dispatcherServlet'
2025-06-08 14:38:48,223 INFO o.s.w.s.FrameworkServlet [http-nio-8080-exec-1] Initializing Servlet 'dispatcherServlet'
2025-06-08 14:38:48,226 INFO o.s.w.s.FrameworkServlet [http-nio-8080-exec-1] Completed initialization in 2 ms
2025-06-08 14:38:50,690 INFO o.s.a.AbstractOpenApiResource [http-nio-8080-exec-5] Init duration for springdoc-openapi is: 902 ms
2025-06-08 14:39:39,582 ERROR c.a.d.e.GlobalExceptionHandler [http-nio-8080-exec-8] Unexpected error: No static resource actuator/metrics.
2025-06-08 14:39:39,594 DEBUG c.a.d.e.GlobalExceptionHandler [http-nio-8080-exec-8] Unexpected error details - cause: {}
2025-06-08 14:39:44,371 ERROR c.a.d.e.GlobalExceptionHandler [http-nio-8080-exec-9] Unexpected error: No static resource actuator/metrics.
2025-06-08 14:39:44,373 DEBUG c.a.d.e.GlobalExceptionHandler [http-nio-8080-exec-9] Unexpected error details - cause: {}
2025-06-08 14:39:45,496 ERROR c.a.d.e.GlobalExceptionHandler [http-nio-8080-exec-10] Unexpected error: No static resource actuator/metrics.
2025-06-08 14:39:45,499 DEBUG c.a.d.e.GlobalExceptionHandler [http-nio-8080-exec-10] Unexpected error details - cause: {}
2025-06-08 14:41:52,959 INFO o.h.v.i.u.Version [background-preinit] HV000001: Hibernate Validator 8.0.1.Final
2025-06-08 14:41:53,199 INFO o.s.b.StartupInfoLogger [main] Starting DigicellApplication using Java 17.0.12 with PID 17780 (C:\Users\chira\OneDrive\Desktop\Eva-Backend\Digicell\target\classes started by chira in C:\Users\chira\OneDrive\Desktop\Eva-Backend\Digicell)
2025-06-08 14:41:53,202 DEBUG o.s.b.StartupInfoLogger [main] Running with Spring Boot v3.2.5, Spring v6.1.6
2025-06-08 14:41:53,205 INFO o.s.b.SpringApplication [main] The following 1 profile is active: "local"
2025-06-08 14:41:59,970 INFO o.s.d.r.c.RepositoryConfigurationDelegate [main] Bootstrapping Spring Data JPA repositories in DEFAULT mode.
2025-06-08 14:42:00,159 INFO o.s.d.r.c.RepositoryConfigurationDelegate [main] Finished Spring Data repository scanning in 168 ms. Found 4 JPA repository interfaces.
2025-06-08 14:42:05,905 INFO o.s.b.w.e.t.TomcatWebServer [main] Tomcat initialized with port 8080 (http)
2025-06-08 14:42:06,068 INFO o.a.j.l.DirectJDKLog [main] Initializing ProtocolHandler ["http-nio-8080"]
2025-06-08 14:42:06,083 INFO o.a.j.l.DirectJDKLog [main] Starting service [Tomcat]
2025-06-08 14:42:06,087 INFO o.a.j.l.DirectJDKLog [main] Starting Servlet engine: [Apache Tomcat/10.1.20]
2025-06-08 14:42:06,488 INFO o.a.j.l.DirectJDKLog [main] Initializing Spring embedded WebApplicationContext
2025-06-08 14:42:06,497 INFO o.s.b.w.s.c.ServletWebServerApplicationContext [main] Root WebApplicationContext: initialization completed in 13074 ms
2025-06-08 14:42:09,546 INFO c.z.h.HikariDataSource [main] HikariPool-1 - Starting...
2025-06-08 14:42:12,885 INFO c.z.h.p.HikariPool [main] HikariPool-1 - Added connection com.mysql.cj.jdbc.ConnectionImpl@ac417a2
2025-06-08 14:42:12,905 INFO c.z.h.HikariDataSource [main] HikariPool-1 - Start completed.
2025-06-08 14:42:14,549 INFO o.h.j.i.u.LogHelper [main] HHH000204: Processing PersistenceUnitInfo [name: default]
2025-06-08 14:42:15,464 INFO o.h.Version [main] HHH000412: Hibernate ORM core version 6.4.4.Final
2025-06-08 14:42:16,087 INFO o.h.c.i.RegionFactoryInitiator [main] HHH000026: Second-level cache disabled
2025-06-08 14:42:17,159 INFO o.s.o.j.p.SpringPersistenceUnitInfo [main] No LoadTimeWeaver setup: ignoring JPA class transformer
2025-06-08 14:42:17,360 WARN o.h.e.j.d.i.DialectFactoryImpl [main] HHH90000025: MySQL8Dialect does not need to be specified explicitly using 'hibernate.dialect' (remove the property setting and it will be selected by default)
2025-06-08 14:42:17,363 WARN o.h.e.j.d.i.DialectFactoryImpl [main] HHH90000026: MySQL8Dialect has been deprecated; use org.hibernate.dialect.MySQLDialect instead
2025-06-08 14:42:20,301 INFO o.h.e.t.j.p.i.JtaPlatformInitiator [main] HHH000489: No JTA platform available (set 'hibernate.transaction.jta.platform' to enable JTA platform integration)
2025-06-08 14:42:20,495 INFO o.s.o.j.AbstractEntityManagerFactoryBean [main] Initialized JPA EntityManagerFactory for persistence unit 'default'
2025-06-08 14:42:20,522 WARN o.s.c.s.AbstractApplicationContext [main] Exception encountered during context initialization - cancelling refresh attempt: org.springframework.beans.factory.UnsatisfiedDependencyException: Error creating bean with name 'apiMetricsAspect' defined in file [C:\Users\chira\OneDrive\Desktop\Eva-Backend\Digicell\target\classes\com\api\digicell\aspect\ApiMetricsAspect.class]: Unsatisfied dependency expressed through constructor parameter 0: No qualifying bean of type 'io.micrometer.core.instrument.Timer' available: expected at least 1 bean which qualifies as autowire candidate. Dependency annotations: {}
2025-06-08 14:42:20,524 INFO o.s.o.j.AbstractEntityManagerFactoryBean [main] Closing JPA EntityManagerFactory for persistence unit 'default'
2025-06-08 14:42:20,530 INFO c.z.h.HikariDataSource [main] HikariPool-1 - Shutdown initiated...
2025-06-08 14:42:20,555 INFO c.z.h.HikariDataSource [main] HikariPool-1 - Shutdown completed.
2025-06-08 14:42:20,561 INFO o.a.j.l.DirectJDKLog [main] Stopping service [Tomcat]
2025-06-08 14:42:20,609 INFO o.s.b.a.l.ConditionEvaluationReportLogger [main] 

Error starting ApplicationContext. To display the condition evaluation report re-run your application with 'debug' enabled.
2025-06-08 14:42:20,669 ERROR o.s.b.d.LoggingFailureAnalysisReporter [main] 

***************************
APPLICATION FAILED TO START
***************************

Description:

Parameter 0 of constructor in com.api.digicell.aspect.ApiMetricsAspect required a bean of type 'io.micrometer.core.instrument.Timer' that could not be found.


Action:

Consider defining a bean of type 'io.micrometer.core.instrument.Timer' in your configuration.

2025-06-08 14:43:18,069 INFO o.h.v.i.u.Version [background-preinit] HV000001: Hibernate Validator 8.0.1.Final
2025-06-08 14:43:18,309 INFO o.s.b.StartupInfoLogger [main] Starting DigicellApplication using Java 17.0.12 with PID 28660 (C:\Users\chira\OneDrive\Desktop\Eva-Backend\Digicell\target\classes started by chira in C:\Users\chira\OneDrive\Desktop\Eva-Backend\Digicell)
2025-06-08 14:43:18,313 DEBUG o.s.b.StartupInfoLogger [main] Running with Spring Boot v3.2.5, Spring v6.1.6
2025-06-08 14:43:18,321 INFO o.s.b.SpringApplication [main] The following 1 profile is active: "local"
2025-06-08 14:43:24,825 INFO o.s.d.r.c.RepositoryConfigurationDelegate [main] Bootstrapping Spring Data JPA repositories in DEFAULT mode.
2025-06-08 14:43:25,186 INFO o.s.d.r.c.RepositoryConfigurationDelegate [main] Finished Spring Data repository scanning in 321 ms. Found 4 JPA repository interfaces.
2025-06-08 14:43:30,982 INFO o.s.b.w.e.t.TomcatWebServer [main] Tomcat initialized with port 8080 (http)
2025-06-08 14:43:31,090 INFO o.a.j.l.DirectJDKLog [main] Initializing ProtocolHandler ["http-nio-8080"]
2025-06-08 14:43:31,104 INFO o.a.j.l.DirectJDKLog [main] Starting service [Tomcat]
2025-06-08 14:43:31,108 INFO o.a.j.l.DirectJDKLog [main] Starting Servlet engine: [Apache Tomcat/10.1.20]
2025-06-08 14:43:31,589 INFO o.a.j.l.DirectJDKLog [main] Initializing Spring embedded WebApplicationContext
2025-06-08 14:43:31,599 INFO o.s.b.w.s.c.ServletWebServerApplicationContext [main] Root WebApplicationContext: initialization completed in 13035 ms
2025-06-08 14:43:33,605 INFO c.z.h.HikariDataSource [main] HikariPool-1 - Starting...
2025-06-08 14:43:36,336 INFO c.z.h.p.HikariPool [main] HikariPool-1 - Added connection com.mysql.cj.jdbc.ConnectionImpl@376498da
2025-06-08 14:43:36,352 INFO c.z.h.HikariDataSource [main] HikariPool-1 - Start completed.
2025-06-08 14:43:37,545 INFO o.h.j.i.u.LogHelper [main] HHH000204: Processing PersistenceUnitInfo [name: default]
2025-06-08 14:43:38,153 INFO o.h.Version [main] HHH000412: Hibernate ORM core version 6.4.4.Final
2025-06-08 14:43:38,356 INFO o.h.c.i.RegionFactoryInitiator [main] HHH000026: Second-level cache disabled
2025-06-08 14:43:39,429 INFO o.s.o.j.p.SpringPersistenceUnitInfo [main] No LoadTimeWeaver setup: ignoring JPA class transformer
2025-06-08 14:43:39,705 WARN o.h.e.j.d.i.DialectFactoryImpl [main] HHH90000025: MySQL8Dialect does not need to be specified explicitly using 'hibernate.dialect' (remove the property setting and it will be selected by default)
2025-06-08 14:43:39,710 WARN o.h.e.j.d.i.DialectFactoryImpl [main] HHH90000026: MySQL8Dialect has been deprecated; use org.hibernate.dialect.MySQLDialect instead
2025-06-08 14:43:43,734 INFO o.h.e.t.j.p.i.JtaPlatformInitiator [main] HHH000489: No JTA platform available (set 'hibernate.transaction.jta.platform' to enable JTA platform integration)
2025-06-08 14:43:43,960 INFO o.s.o.j.AbstractEntityManagerFactoryBean [main] Initialized JPA EntityManagerFactory for persistence unit 'default'
2025-06-08 14:43:43,997 WARN o.s.c.s.AbstractApplicationContext [main] Exception encountered during context initialization - cancelling refresh attempt: org.springframework.beans.factory.UnsatisfiedDependencyException: Error creating bean with name 'apiMetricsAspect' defined in file [C:\Users\chira\OneDrive\Desktop\Eva-Backend\Digicell\target\classes\com\api\digicell\aspect\ApiMetricsAspect.class]: Unsatisfied dependency expressed through constructor parameter 0: No qualifying bean of type 'io.micrometer.core.instrument.Timer' available: expected at least 1 bean which qualifies as autowire candidate. Dependency annotations: {}
2025-06-08 14:43:44,000 INFO o.s.o.j.AbstractEntityManagerFactoryBean [main] Closing JPA EntityManagerFactory for persistence unit 'default'
2025-06-08 14:43:44,010 INFO c.z.h.HikariDataSource [main] HikariPool-1 - Shutdown initiated...
2025-06-08 14:43:44,045 INFO c.z.h.HikariDataSource [main] HikariPool-1 - Shutdown completed.
2025-06-08 14:43:44,052 INFO o.a.j.l.DirectJDKLog [main] Stopping service [Tomcat]
2025-06-08 14:43:44,102 INFO o.s.b.a.l.ConditionEvaluationReportLogger [main] 

Error starting ApplicationContext. To display the condition evaluation report re-run your application with 'debug' enabled.
2025-06-08 14:43:44,205 ERROR o.s.b.d.LoggingFailureAnalysisReporter [main] 

***************************
APPLICATION FAILED TO START
***************************

Description:

Parameter 0 of constructor in com.api.digicell.aspect.ApiMetricsAspect required a bean of type 'io.micrometer.core.instrument.Timer' that could not be found.


Action:

Consider defining a bean of type 'io.micrometer.core.instrument.Timer' in your configuration.

2025-06-08 14:44:08,183 INFO o.h.v.i.u.Version [background-preinit] HV000001: Hibernate Validator 8.0.1.Final
2025-06-08 14:44:08,332 INFO o.s.b.StartupInfoLogger [main] Starting DigicellApplication using Java 17.0.12 with PID 3280 (C:\Users\chira\OneDrive\Desktop\Eva-Backend\Digicell\target\classes started by chira in C:\Users\chira\OneDrive\Desktop\Eva-Backend\Digicell)
2025-06-08 14:44:08,334 DEBUG o.s.b.StartupInfoLogger [main] Running with Spring Boot v3.2.5, Spring v6.1.6
2025-06-08 14:44:08,336 INFO o.s.b.SpringApplication [main] The following 1 profile is active: "local"
2025-06-08 14:44:12,505 INFO o.s.d.r.c.RepositoryConfigurationDelegate [main] Bootstrapping Spring Data JPA repositories in DEFAULT mode.
2025-06-08 14:44:12,661 INFO o.s.d.r.c.RepositoryConfigurationDelegate [main] Finished Spring Data repository scanning in 140 ms. Found 4 JPA repository interfaces.
2025-06-08 14:44:16,292 INFO o.s.b.w.e.t.TomcatWebServer [main] Tomcat initialized with port 8080 (http)
2025-06-08 14:44:16,367 INFO o.a.j.l.DirectJDKLog [main] Initializing ProtocolHandler ["http-nio-8080"]
2025-06-08 14:44:16,380 INFO o.a.j.l.DirectJDKLog [main] Starting service [Tomcat]
2025-06-08 14:44:16,383 INFO o.a.j.l.DirectJDKLog [main] Starting Servlet engine: [Apache Tomcat/10.1.20]
2025-06-08 14:44:16,676 INFO o.a.j.l.DirectJDKLog [main] Initializing Spring embedded WebApplicationContext
2025-06-08 14:44:16,685 INFO o.s.b.w.s.c.ServletWebServerApplicationContext [main] Root WebApplicationContext: initialization completed in 8184 ms
2025-06-08 14:44:18,145 INFO c.z.h.HikariDataSource [main] HikariPool-1 - Starting...
2025-06-08 14:44:19,846 INFO c.z.h.p.HikariPool [main] HikariPool-1 - Added connection com.mysql.cj.jdbc.ConnectionImpl@3b7b0b57
2025-06-08 14:44:19,854 INFO c.z.h.HikariDataSource [main] HikariPool-1 - Start completed.
2025-06-08 14:44:20,684 INFO o.h.j.i.u.LogHelper [main] HHH000204: Processing PersistenceUnitInfo [name: default]
2025-06-08 14:44:20,876 INFO o.h.Version [main] HHH000412: Hibernate ORM core version 6.4.4.Final
2025-06-08 14:44:20,997 INFO o.h.c.i.RegionFactoryInitiator [main] HHH000026: Second-level cache disabled
2025-06-08 14:44:21,531 INFO o.s.o.j.p.SpringPersistenceUnitInfo [main] No LoadTimeWeaver setup: ignoring JPA class transformer
2025-06-08 14:44:21,676 WARN o.h.e.j.d.i.DialectFactoryImpl [main] HHH90000025: MySQL8Dialect does not need to be specified explicitly using 'hibernate.dialect' (remove the property setting and it will be selected by default)
2025-06-08 14:44:21,680 WARN o.h.e.j.d.i.DialectFactoryImpl [main] HHH90000026: MySQL8Dialect has been deprecated; use org.hibernate.dialect.MySQLDialect instead
2025-06-08 14:44:23,795 INFO o.h.e.t.j.p.i.JtaPlatformInitiator [main] HHH000489: No JTA platform available (set 'hibernate.transaction.jta.platform' to enable JTA platform integration)
2025-06-08 14:44:23,959 INFO o.s.o.j.AbstractEntityManagerFactoryBean [main] Initialized JPA EntityManagerFactory for persistence unit 'default'
2025-06-08 14:44:25,938 INFO o.s.d.j.r.q.QueryEnhancerFactory [main] Hibernate is in classpath; If applicable, HQL parser will be used.
2025-06-08 14:44:29,447 WARN o.s.b.a.o.j.JpaBaseConfiguration$JpaWebConfiguration [main] spring.jpa.open-in-view is enabled by default. Therefore, database queries may be performed during view rendering. Explicitly configure spring.jpa.open-in-view to disable this warning
2025-06-08 14:44:33,754 INFO o.s.b.a.e.w.EndpointLinksResolver [main] Exposing 3 endpoint(s) beneath base path '/actuator'
2025-06-08 14:44:34,503 INFO o.a.j.l.DirectJDKLog [main] Starting ProtocolHandler ["http-nio-8080"]
2025-06-08 14:44:34,722 INFO o.s.b.w.e.t.TomcatWebServer [main] Tomcat started on port 8080 (http) with context path '/digicel'
2025-06-08 14:44:34,821 INFO o.s.b.StartupInfoLogger [main] Started DigicellApplication in 28.181 seconds (process running for 29.74)
2025-06-08 14:45:10,440 INFO o.a.j.l.DirectJDKLog [http-nio-8080-exec-1] Initializing Spring DispatcherServlet 'dispatcherServlet'
2025-06-08 14:45:10,442 INFO o.s.w.s.FrameworkServlet [http-nio-8080-exec-1] Initializing Servlet 'dispatcherServlet'
2025-06-08 14:45:10,444 INFO o.s.w.s.FrameworkServlet [http-nio-8080-exec-1] Completed initialization in 2 ms
2025-06-08 14:45:41,880 INFO c.a.d.c.AgentController [http-nio-8080-exec-3] Fetching all agents
2025-06-08 14:45:41,883 INFO c.a.d.s.AgentService [http-nio-8080-exec-3] Fetching all agents
2025-06-08 14:45:42,318 INFO c.a.d.s.AgentService [http-nio-8080-exec-3] Successfully retrieved 10 agents
2025-06-08 14:45:42,321 DEBUG c.a.d.s.AgentService [http-nio-8080-exec-3] Retrieved agents - count: 10, ids: [1, 2, 3, 4, 5, 6, 7, 8, 9, 10]
2025-06-08 14:45:42,323 INFO c.a.d.c.AgentController [http-nio-8080-exec-3] Successfully retrieved 10 agents
2025-06-08 14:47:00,139 ERROR c.a.d.e.GlobalExceptionHandler [http-nio-8080-exec-8] Unexpected error: No static resource actuator/httptrace.
2025-06-08 14:47:00,141 DEBUG c.a.d.e.GlobalExceptionHandler [http-nio-8080-exec-8] Unexpected error details - cause: {}
2025-06-08 14:47:02,853 ERROR c.a.d.e.GlobalExceptionHandler [http-nio-8080-exec-9] Unexpected error: No static resource actuator/httptrace.
2025-06-08 14:47:02,854 DEBUG c.a.d.e.GlobalExceptionHandler [http-nio-8080-exec-9] Unexpected error details - cause: {}
2025-06-08 14:47:49,944 INFO o.h.v.i.u.Version [background-preinit] HV000001: Hibernate Validator 8.0.1.Final
2025-06-08 14:47:50,151 INFO o.s.b.StartupInfoLogger [main] Starting DigicellApplication using Java 17.0.12 with PID 3664 (C:\Users\chira\OneDrive\Desktop\Eva-Backend\Digicell\target\classes started by chira in C:\Users\chira\OneDrive\Desktop\Eva-Backend\Digicell)
2025-06-08 14:47:50,155 DEBUG o.s.b.StartupInfoLogger [main] Running with Spring Boot v3.2.5, Spring v6.1.6
2025-06-08 14:47:50,158 INFO o.s.b.SpringApplication [main] The following 1 profile is active: "local"
2025-06-08 14:47:55,019 INFO o.s.d.r.c.RepositoryConfigurationDelegate [main] Bootstrapping Spring Data JPA repositories in DEFAULT mode.
2025-06-08 14:47:55,404 INFO o.s.d.r.c.RepositoryConfigurationDelegate [main] Finished Spring Data repository scanning in 330 ms. Found 4 JPA repository interfaces.
2025-06-08 14:47:59,810 INFO o.s.b.w.e.t.TomcatWebServer [main] Tomcat initialized with port 8080 (http)
2025-06-08 14:47:59,850 INFO o.a.j.l.DirectJDKLog [main] Initializing ProtocolHandler ["http-nio-8080"]
2025-06-08 14:47:59,862 INFO o.a.j.l.DirectJDKLog [main] Starting service [Tomcat]
2025-06-08 14:47:59,865 INFO o.a.j.l.DirectJDKLog [main] Starting Servlet engine: [Apache Tomcat/10.1.20]
2025-06-08 14:48:00,223 INFO o.a.j.l.DirectJDKLog [main] Initializing Spring embedded WebApplicationContext
2025-06-08 14:48:00,239 INFO o.s.b.w.s.c.ServletWebServerApplicationContext [main] Root WebApplicationContext: initialization completed in 9875 ms
2025-06-08 14:48:01,750 INFO c.z.h.HikariDataSource [main] HikariPool-1 - Starting...
2025-06-08 14:48:03,431 INFO c.z.h.p.HikariPool [main] HikariPool-1 - Added connection com.mysql.cj.jdbc.ConnectionImpl@7573c7b5
2025-06-08 14:48:03,444 INFO c.z.h.HikariDataSource [main] HikariPool-1 - Start completed.
2025-06-08 14:48:04,677 INFO o.h.j.i.u.LogHelper [main] HHH000204: Processing PersistenceUnitInfo [name: default]
2025-06-08 14:48:06,272 INFO o.h.Version [main] HHH000412: Hibernate ORM core version 6.4.4.Final
2025-06-08 14:48:06,537 INFO o.h.c.i.RegionFactoryInitiator [main] HHH000026: Second-level cache disabled
2025-06-08 14:48:08,282 INFO o.s.o.j.p.SpringPersistenceUnitInfo [main] No LoadTimeWeaver setup: ignoring JPA class transformer
2025-06-08 14:48:08,637 WARN o.h.e.j.d.i.DialectFactoryImpl [main] HHH90000025: MySQL8Dialect does not need to be specified explicitly using 'hibernate.dialect' (remove the property setting and it will be selected by default)
2025-06-08 14:48:08,643 WARN o.h.e.j.d.i.DialectFactoryImpl [main] HHH90000026: MySQL8Dialect has been deprecated; use org.hibernate.dialect.MySQLDialect instead
2025-06-08 14:48:11,434 INFO o.h.e.t.j.p.i.JtaPlatformInitiator [main] HHH000489: No JTA platform available (set 'hibernate.transaction.jta.platform' to enable JTA platform integration)
2025-06-08 14:48:11,574 INFO o.s.o.j.AbstractEntityManagerFactoryBean [main] Initialized JPA EntityManagerFactory for persistence unit 'default'
2025-06-08 14:48:13,172 INFO o.s.d.j.r.q.QueryEnhancerFactory [main] Hibernate is in classpath; If applicable, HQL parser will be used.
2025-06-08 14:48:17,393 WARN o.s.b.a.o.j.JpaBaseConfiguration$JpaWebConfiguration [main] spring.jpa.open-in-view is enabled by default. Therefore, database queries may be performed during view rendering. Explicitly configure spring.jpa.open-in-view to disable this warning
2025-06-08 14:48:21,835 INFO o.s.b.a.e.w.EndpointLinksResolver [main] Exposing 14 endpoint(s) beneath base path '/digicel/actuator'
2025-06-08 14:48:22,248 INFO o.a.j.l.DirectJDKLog [main] Starting ProtocolHandler ["http-nio-8080"]
2025-06-08 14:48:22,356 INFO o.s.b.w.e.t.TomcatWebServer [main] Tomcat started on port 8080 (http) with context path '/digicel'
2025-06-08 14:48:22,433 INFO o.s.b.StartupInfoLogger [main] Started DigicellApplication in 33.88 seconds (process running for 35.183)
2025-06-08 14:48:32,090 INFO o.a.j.l.DirectJDKLog [http-nio-8080-exec-1] Initializing Spring DispatcherServlet 'dispatcherServlet'
2025-06-08 14:48:32,092 INFO o.s.w.s.FrameworkServlet [http-nio-8080-exec-1] Initializing Servlet 'dispatcherServlet'
2025-06-08 14:48:32,095 INFO o.s.w.s.FrameworkServlet [http-nio-8080-exec-1] Completed initialization in 2 ms
2025-06-08 14:48:32,157 ERROR c.a.d.e.GlobalExceptionHandler [http-nio-8080-exec-1] Unexpected error: No static resource actuator/httptrace.
2025-06-08 14:48:32,160 DEBUG c.a.d.e.GlobalExceptionHandler [http-nio-8080-exec-1] Unexpected error details - cause: {}
2025-06-08 14:48:37,391 INFO c.a.d.c.AgentController [http-nio-8080-exec-2] Fetching all agents
2025-06-08 14:48:37,392 INFO c.a.d.s.AgentService [http-nio-8080-exec-2] Fetching all agents
2025-06-08 14:48:37,973 INFO c.a.d.s.AgentService [http-nio-8080-exec-2] Successfully retrieved 10 agents
2025-06-08 14:48:37,976 DEBUG c.a.d.s.AgentService [http-nio-8080-exec-2] Retrieved agents - count: 10, ids: [1, 2, 3, 4, 5, 6, 7, 8, 9, 10]
2025-06-08 14:48:37,978 INFO c.a.d.c.AgentController [http-nio-8080-exec-2] Successfully retrieved 10 agents
2025-06-08 14:48:41,301 ERROR c.a.d.e.GlobalExceptionHandler [http-nio-8080-exec-3] Unexpected error: No static resource actuator/httptrace.
2025-06-08 14:48:41,306 DEBUG c.a.d.e.GlobalExceptionHandler [http-nio-8080-exec-3] Unexpected error details - cause: {}
2025-06-08 14:49:48,937 INFO o.h.v.i.u.Version [background-preinit] HV000001: Hibernate Validator 8.0.1.Final
2025-06-08 14:49:49,162 INFO o.s.b.StartupInfoLogger [main] Starting DigicellApplication using Java 17.0.12 with PID 24356 (C:\Users\chira\OneDrive\Desktop\Eva-Backend\Digicell\target\classes started by chira in C:\Users\chira\OneDrive\Desktop\Eva-Backend\Digicell)
2025-06-08 14:49:49,168 DEBUG o.s.b.StartupInfoLogger [main] Running with Spring Boot v3.2.5, Spring v6.1.6
2025-06-08 14:49:49,175 INFO o.s.b.SpringApplication [main] The following 1 profile is active: "local"
2025-06-08 14:49:54,587 INFO o.s.d.r.c.RepositoryConfigurationDelegate [main] Bootstrapping Spring Data JPA repositories in DEFAULT mode.
2025-06-08 14:49:54,761 INFO o.s.d.r.c.RepositoryConfigurationDelegate [main] Finished Spring Data repository scanning in 144 ms. Found 4 JPA repository interfaces.
2025-06-08 14:50:00,379 INFO o.s.b.w.e.t.TomcatWebServer [main] Tomcat initialized with port 8080 (http)
2025-06-08 14:50:00,433 INFO o.a.j.l.DirectJDKLog [main] Initializing ProtocolHandler ["http-nio-8080"]
2025-06-08 14:50:00,448 INFO o.a.j.l.DirectJDKLog [main] Starting service [Tomcat]
2025-06-08 14:50:00,451 INFO o.a.j.l.DirectJDKLog [main] Starting Servlet engine: [Apache Tomcat/10.1.20]
2025-06-08 14:50:00,843 INFO o.a.j.l.DirectJDKLog [main] Initializing Spring embedded WebApplicationContext
2025-06-08 14:50:00,852 INFO o.s.b.w.s.c.ServletWebServerApplicationContext [main] Root WebApplicationContext: initialization completed in 11464 ms
2025-06-08 14:50:02,700 INFO c.z.h.HikariDataSource [main] HikariPool-1 - Starting...
2025-06-08 14:50:04,451 INFO c.z.h.p.HikariPool [main] HikariPool-1 - Added connection com.mysql.cj.jdbc.ConnectionImpl@3a4f8e8a
2025-06-08 14:50:04,465 INFO c.z.h.HikariDataSource [main] HikariPool-1 - Start completed.
2025-06-08 14:50:05,317 INFO o.h.j.i.u.LogHelper [main] HHH000204: Processing PersistenceUnitInfo [name: default]
2025-06-08 14:50:06,233 INFO o.h.Version [main] HHH000412: Hibernate ORM core version 6.4.4.Final
2025-06-08 14:50:06,338 INFO o.h.c.i.RegionFactoryInitiator [main] HHH000026: Second-level cache disabled
2025-06-08 14:50:06,965 INFO o.s.o.j.p.SpringPersistenceUnitInfo [main] No LoadTimeWeaver setup: ignoring JPA class transformer
2025-06-08 14:50:07,102 WARN o.h.e.j.d.i.DialectFactoryImpl [main] HHH90000025: MySQL8Dialect does not need to be specified explicitly using 'hibernate.dialect' (remove the property setting and it will be selected by default)
2025-06-08 14:50:07,105 WARN o.h.e.j.d.i.DialectFactoryImpl [main] HHH90000026: MySQL8Dialect has been deprecated; use org.hibernate.dialect.MySQLDialect instead
2025-06-08 14:50:10,117 INFO o.h.e.t.j.p.i.JtaPlatformInitiator [main] HHH000489: No JTA platform available (set 'hibernate.transaction.jta.platform' to enable JTA platform integration)
2025-06-08 14:50:10,389 INFO o.s.o.j.AbstractEntityManagerFactoryBean [main] Initialized JPA EntityManagerFactory for persistence unit 'default'
2025-06-08 14:50:12,421 INFO o.s.d.j.r.q.QueryEnhancerFactory [main] Hibernate is in classpath; If applicable, HQL parser will be used.
2025-06-08 14:50:16,987 WARN o.s.b.a.o.j.JpaBaseConfiguration$JpaWebConfiguration [main] spring.jpa.open-in-view is enabled by default. Therefore, database queries may be performed during view rendering. Explicitly configure spring.jpa.open-in-view to disable this warning
2025-06-08 14:50:22,688 INFO o.s.b.a.e.w.EndpointLinksResolver [main] Exposing 14 endpoint(s) beneath base path '/digicel/actuator'
2025-06-08 14:50:23,399 INFO o.a.j.l.DirectJDKLog [main] Starting ProtocolHandler ["http-nio-8080"]
2025-06-08 14:50:23,626 INFO o.s.b.w.e.t.TomcatWebServer [main] Tomcat started on port 8080 (http) with context path '/digicel'
2025-06-08 14:50:23,703 INFO o.s.b.StartupInfoLogger [main] Started DigicellApplication in 37.143 seconds (process running for 38.977)
2025-06-08 14:50:36,033 INFO o.a.j.l.DirectJDKLog [http-nio-8080-exec-1] Initializing Spring DispatcherServlet 'dispatcherServlet'
2025-06-08 14:50:36,035 INFO o.s.w.s.FrameworkServlet [http-nio-8080-exec-1] Initializing Servlet 'dispatcherServlet'
2025-06-08 14:50:36,037 INFO o.s.w.s.FrameworkServlet [http-nio-8080-exec-1] Completed initialization in 1 ms
2025-06-08 14:50:36,088 ERROR c.a.d.e.GlobalExceptionHandler [http-nio-8080-exec-1] Unexpected error: No static resource actuator/httptrace.
2025-06-08 14:50:36,090 DEBUG c.a.d.e.GlobalExceptionHandler [http-nio-8080-exec-1] Unexpected error details - cause: {}
2025-06-08 14:51:17,394 INFO o.h.v.i.u.Version [background-preinit] HV000001: Hibernate Validator 8.0.1.Final
2025-06-08 14:51:17,659 INFO o.s.b.StartupInfoLogger [main] Starting DigicellApplication using Java 17.0.12 with PID 15084 (C:\Users\chira\OneDrive\Desktop\Eva-Backend\Digicell\target\classes started by chira in C:\Users\chira\OneDrive\Desktop\Eva-Backend\Digicell)
2025-06-08 14:51:17,665 DEBUG o.s.b.StartupInfoLogger [main] Running with Spring Boot v3.2.5, Spring v6.1.6
2025-06-08 14:51:17,670 INFO o.s.b.SpringApplication [main] The following 1 profile is active: "local"
2025-06-08 14:51:23,235 INFO o.s.d.r.c.RepositoryConfigurationDelegate [main] Bootstrapping Spring Data JPA repositories in DEFAULT mode.
2025-06-08 14:51:23,509 INFO o.s.d.r.c.RepositoryConfigurationDelegate [main] Finished Spring Data repository scanning in 234 ms. Found 4 JPA repository interfaces.
2025-06-08 14:51:27,149 INFO o.s.b.w.e.t.TomcatWebServer [main] Tomcat initialized with port 8080 (http)
2025-06-08 14:51:27,199 INFO o.a.j.l.DirectJDKLog [main] Initializing ProtocolHandler ["http-nio-8080"]
2025-06-08 14:51:27,209 INFO o.a.j.l.DirectJDKLog [main] Starting service [Tomcat]
2025-06-08 14:51:27,211 INFO o.a.j.l.DirectJDKLog [main] Starting Servlet engine: [Apache Tomcat/10.1.20]
2025-06-08 14:51:27,517 INFO o.a.j.l.DirectJDKLog [main] Initializing Spring embedded WebApplicationContext
2025-06-08 14:51:27,524 INFO o.s.b.w.s.c.ServletWebServerApplicationContext [main] Root WebApplicationContext: initialization completed in 9603 ms
2025-06-08 14:51:28,912 INFO c.z.h.HikariDataSource [main] HikariPool-1 - Starting...
2025-06-08 14:51:30,628 INFO c.z.h.p.HikariPool [main] HikariPool-1 - Added connection com.mysql.cj.jdbc.ConnectionImpl@4e7eba9f
2025-06-08 14:51:30,637 INFO c.z.h.HikariDataSource [main] HikariPool-1 - Start completed.
2025-06-08 14:51:31,439 INFO o.h.j.i.u.LogHelper [main] HHH000204: Processing PersistenceUnitInfo [name: default]
2025-06-08 14:51:31,715 INFO o.h.Version [main] HHH000412: Hibernate ORM core version 6.4.4.Final
2025-06-08 14:51:31,862 INFO o.h.c.i.RegionFactoryInitiator [main] HHH000026: Second-level cache disabled
2025-06-08 14:51:32,623 INFO o.s.o.j.p.SpringPersistenceUnitInfo [main] No LoadTimeWeaver setup: ignoring JPA class transformer
2025-06-08 14:51:32,888 WARN o.h.e.j.d.i.DialectFactoryImpl [main] HHH90000025: MySQL8Dialect does not need to be specified explicitly using 'hibernate.dialect' (remove the property setting and it will be selected by default)
2025-06-08 14:51:32,894 WARN o.h.e.j.d.i.DialectFactoryImpl [main] HHH90000026: MySQL8Dialect has been deprecated; use org.hibernate.dialect.MySQLDialect instead
2025-06-08 14:51:35,799 INFO o.h.e.t.j.p.i.JtaPlatformInitiator [main] HHH000489: No JTA platform available (set 'hibernate.transaction.jta.platform' to enable JTA platform integration)
2025-06-08 14:51:36,115 INFO o.s.o.j.AbstractEntityManagerFactoryBean [main] Initialized JPA EntityManagerFactory for persistence unit 'default'
2025-06-08 14:51:38,250 INFO o.s.d.j.r.q.QueryEnhancerFactory [main] Hibernate is in classpath; If applicable, HQL parser will be used.
2025-06-08 14:51:41,665 WARN o.s.b.a.o.j.JpaBaseConfiguration$JpaWebConfiguration [main] spring.jpa.open-in-view is enabled by default. Therefore, database queries may be performed during view rendering. Explicitly configure spring.jpa.open-in-view to disable this warning
2025-06-08 14:51:46,376 INFO o.s.b.a.e.w.EndpointLinksResolver [main] Exposing 14 endpoint(s) beneath base path '/digicel/actuator'
2025-06-08 14:51:46,903 INFO o.a.j.l.DirectJDKLog [main] Starting ProtocolHandler ["http-nio-8080"]
2025-06-08 14:51:47,093 INFO o.s.b.w.e.t.TomcatWebServer [main] Tomcat started on port 8080 (http) with context path '/digicel'
2025-06-08 14:51:47,204 INFO o.s.b.StartupInfoLogger [main] Started DigicellApplication in 31.246 seconds (process running for 32.133)
2025-06-08 14:51:52,457 INFO o.a.j.l.DirectJDKLog [http-nio-8080-exec-1] Initializing Spring DispatcherServlet 'dispatcherServlet'
2025-06-08 14:51:52,458 INFO o.s.w.s.FrameworkServlet [http-nio-8080-exec-1] Initializing Servlet 'dispatcherServlet'
2025-06-08 14:51:52,460 INFO o.s.w.s.FrameworkServlet [http-nio-8080-exec-1] Completed initialization in 1 ms
2025-06-08 14:51:52,509 ERROR c.a.d.e.GlobalExceptionHandler [http-nio-8080-exec-1] Unexpected error: No static resource actuator/metrics.
2025-06-08 14:51:52,509 DEBUG c.a.d.e.GlobalExceptionHandler [http-nio-8080-exec-1] Unexpected error details - cause: {}
2025-06-08 14:51:56,032 ERROR c.a.d.e.GlobalExceptionHandler [http-nio-8080-exec-2] Unexpected error: No static resource actuator/metrics.
2025-06-08 14:51:56,034 DEBUG c.a.d.e.GlobalExceptionHandler [http-nio-8080-exec-2] Unexpected error details - cause: {}
2025-06-08 14:51:56,270 ERROR c.a.d.e.GlobalExceptionHandler [http-nio-8080-exec-3] Unexpected error: No static resource actuator/metrics.
2025-06-08 14:51:56,271 DEBUG c.a.d.e.GlobalExceptionHandler [http-nio-8080-exec-3] Unexpected error details - cause: {}
2025-06-08 14:51:57,022 ERROR c.a.d.e.GlobalExceptionHandler [http-nio-8080-exec-6] Unexpected error: No static resource actuator/metrics.
2025-06-08 14:51:57,024 DEBUG c.a.d.e.GlobalExceptionHandler [http-nio-8080-exec-6] Unexpected error details - cause: {}
2025-06-08 14:51:57,231 ERROR c.a.d.e.GlobalExceptionHandler [http-nio-8080-exec-5] Unexpected error: No static resource actuator/metrics.
2025-06-08 14:51:57,236 DEBUG c.a.d.e.GlobalExceptionHandler [http-nio-8080-exec-5] Unexpected error details - cause: {}
2025-06-08 14:52:15,279 ERROR c.a.d.e.GlobalExceptionHandler [http-nio-8080-exec-4] Unexpected error: No static resource actuator/metrics.
2025-06-08 14:52:15,280 DEBUG c.a.d.e.GlobalExceptionHandler [http-nio-8080-exec-4] Unexpected error details - cause: {}
2025-06-08 14:53:02,239 INFO o.h.v.i.u.Version [background-preinit] HV000001: Hibernate Validator 8.0.1.Final
2025-06-08 14:53:02,383 INFO o.s.b.StartupInfoLogger [main] Starting DigicellApplication using Java 17.0.12 with PID 14816 (C:\Users\chira\OneDrive\Desktop\Eva-Backend\Digicell\target\classes started by chira in C:\Users\chira\OneDrive\Desktop\Eva-Backend\Digicell)
2025-06-08 14:53:02,386 DEBUG o.s.b.StartupInfoLogger [main] Running with Spring Boot v3.2.5, Spring v6.1.6
2025-06-08 14:53:02,391 INFO o.s.b.SpringApplication [main] The following 1 profile is active: "local"
2025-06-08 14:53:07,753 INFO o.s.d.r.c.RepositoryConfigurationDelegate [main] Bootstrapping Spring Data JPA repositories in DEFAULT mode.
2025-06-08 14:53:08,173 INFO o.s.d.r.c.RepositoryConfigurationDelegate [main] Finished Spring Data repository scanning in 365 ms. Found 4 JPA repository interfaces.
2025-06-08 14:53:13,660 INFO o.s.b.w.e.t.TomcatWebServer [main] Tomcat initialized with port 8080 (http)
2025-06-08 14:53:13,711 INFO o.a.j.l.DirectJDKLog [main] Initializing ProtocolHandler ["http-nio-8080"]
2025-06-08 14:53:13,723 INFO o.a.j.l.DirectJDKLog [main] Starting service [Tomcat]
2025-06-08 14:53:13,725 INFO o.a.j.l.DirectJDKLog [main] Starting Servlet engine: [Apache Tomcat/10.1.20]
2025-06-08 14:53:14,003 INFO o.a.j.l.DirectJDKLog [main] Initializing Spring embedded WebApplicationContext
2025-06-08 14:53:14,010 INFO o.s.b.w.s.c.ServletWebServerApplicationContext [main] Root WebApplicationContext: initialization completed in 11449 ms
2025-06-08 14:53:16,291 INFO c.z.h.HikariDataSource [main] HikariPool-1 - Starting...
2025-06-08 14:53:17,141 INFO c.z.h.p.HikariPool [main] HikariPool-1 - Added connection com.mysql.cj.jdbc.ConnectionImpl@17136390
2025-06-08 14:53:17,147 INFO c.z.h.HikariDataSource [main] HikariPool-1 - Start completed.
2025-06-08 14:53:17,946 INFO o.h.j.i.u.LogHelper [main] HHH000204: Processing PersistenceUnitInfo [name: default]
2025-06-08 14:53:18,472 INFO o.h.Version [main] HHH000412: Hibernate ORM core version 6.4.4.Final
2025-06-08 14:53:18,605 INFO o.h.c.i.RegionFactoryInitiator [main] HHH000026: Second-level cache disabled
2025-06-08 14:53:19,047 INFO o.s.o.j.p.SpringPersistenceUnitInfo [main] No LoadTimeWeaver setup: ignoring JPA class transformer
2025-06-08 14:53:19,180 WARN o.h.e.j.d.i.DialectFactoryImpl [main] HHH90000025: MySQL8Dialect does not need to be specified explicitly using 'hibernate.dialect' (remove the property setting and it will be selected by default)
2025-06-08 14:53:19,183 WARN o.h.e.j.d.i.DialectFactoryImpl [main] HHH90000026: MySQL8Dialect has been deprecated; use org.hibernate.dialect.MySQLDialect instead
2025-06-08 14:53:21,178 INFO o.h.e.t.j.p.i.JtaPlatformInitiator [main] HHH000489: No JTA platform available (set 'hibernate.transaction.jta.platform' to enable JTA platform integration)
2025-06-08 14:53:21,326 INFO o.s.o.j.AbstractEntityManagerFactoryBean [main] Initialized JPA EntityManagerFactory for persistence unit 'default'
2025-06-08 14:53:22,771 INFO o.s.d.j.r.q.QueryEnhancerFactory [main] Hibernate is in classpath; If applicable, HQL parser will be used.
2025-06-08 14:53:25,770 WARN o.s.b.a.o.j.JpaBaseConfiguration$JpaWebConfiguration [main] spring.jpa.open-in-view is enabled by default. Therefore, database queries may be performed during view rendering. Explicitly configure spring.jpa.open-in-view to disable this warning
2025-06-08 14:53:30,433 INFO o.s.b.a.e.w.EndpointLinksResolver [main] Exposing 3 endpoint(s) beneath base path '/digicel/actuator'
2025-06-08 14:53:30,873 INFO o.a.j.l.DirectJDKLog [main] Starting ProtocolHandler ["http-nio-8080"]
2025-06-08 14:53:30,950 INFO o.s.b.w.e.t.TomcatWebServer [main] Tomcat started on port 8080 (http) with context path '/digicel'
2025-06-08 14:53:31,015 INFO o.s.b.StartupInfoLogger [main] Started DigicellApplication in 30.174 seconds (process running for 31.443)
2025-06-08 14:53:33,738 INFO o.a.j.l.DirectJDKLog [http-nio-8080-exec-1] Initializing Spring DispatcherServlet 'dispatcherServlet'
2025-06-08 14:53:33,738 INFO o.s.w.s.FrameworkServlet [http-nio-8080-exec-1] Initializing Servlet 'dispatcherServlet'
2025-06-08 14:53:33,742 INFO o.s.w.s.FrameworkServlet [http-nio-8080-exec-1] Completed initialization in 4 ms
2025-06-08 14:53:33,807 ERROR c.a.d.e.GlobalExceptionHandler [http-nio-8080-exec-1] Unexpected error: No static resource actuator/health.
2025-06-08 14:53:33,808 DEBUG c.a.d.e.GlobalExceptionHandler [http-nio-8080-exec-1] Unexpected error details - cause: {}
2025-06-08 14:56:42,018 INFO o.h.v.i.u.Version [background-preinit] HV000001: Hibernate Validator 8.0.1.Final
2025-06-08 14:56:42,270 INFO o.s.b.StartupInfoLogger [main] Starting DigicellApplication using Java 17.0.12 with PID 21776 (C:\Users\chira\OneDrive\Desktop\Eva-Backend\Digicell\target\classes started by chira in C:\Users\chira\OneDrive\Desktop\Eva-Backend\Digicell)
2025-06-08 14:56:42,276 DEBUG o.s.b.StartupInfoLogger [main] Running with Spring Boot v3.2.5, Spring v6.1.6
2025-06-08 14:56:42,283 INFO o.s.b.SpringApplication [main] The following 1 profile is active: "local"
2025-06-08 14:56:49,876 INFO o.s.d.r.c.RepositoryConfigurationDelegate [main] Bootstrapping Spring Data JPA repositories in DEFAULT mode.
2025-06-08 14:56:50,278 INFO o.s.d.r.c.RepositoryConfigurationDelegate [main] Finished Spring Data repository scanning in 350 ms. Found 4 JPA repository interfaces.
2025-06-08 14:56:53,884 INFO o.s.b.w.e.t.TomcatWebServer [main] Tomcat initialized with port 8080 (http)
2025-06-08 14:56:53,950 INFO o.a.j.l.DirectJDKLog [main] Initializing ProtocolHandler ["http-nio-8080"]
2025-06-08 14:56:53,966 INFO o.a.j.l.DirectJDKLog [main] Starting service [Tomcat]
2025-06-08 14:56:53,968 INFO o.a.j.l.DirectJDKLog [main] Starting Servlet engine: [Apache Tomcat/10.1.20]
2025-06-08 14:56:54,321 INFO o.a.j.l.DirectJDKLog [main] Initializing Spring embedded WebApplicationContext
2025-06-08 14:56:54,326 INFO o.s.b.w.s.c.ServletWebServerApplicationContext [main] Root WebApplicationContext: initialization completed in 11828 ms
2025-06-08 14:56:55,876 INFO c.z.h.HikariDataSource [main] HikariPool-1 - Starting...
2025-06-08 14:56:58,062 INFO c.z.h.p.HikariPool [main] HikariPool-1 - Added connection com.mysql.cj.jdbc.ConnectionImpl@6fd7aba8
2025-06-08 14:56:58,079 INFO c.z.h.HikariDataSource [main] HikariPool-1 - Start completed.
2025-06-08 14:56:58,864 INFO o.h.j.i.u.LogHelper [main] HHH000204: Processing PersistenceUnitInfo [name: default]
2025-06-08 14:56:59,518 INFO o.h.Version [main] HHH000412: Hibernate ORM core version 6.4.4.Final
2025-06-08 14:56:59,757 INFO o.h.c.i.RegionFactoryInitiator [main] HHH000026: Second-level cache disabled
2025-06-08 14:57:00,256 INFO o.s.o.j.p.SpringPersistenceUnitInfo [main] No LoadTimeWeaver setup: ignoring JPA class transformer
2025-06-08 14:57:00,393 WARN o.h.e.j.d.i.DialectFactoryImpl [main] HHH90000025: MySQL8Dialect does not need to be specified explicitly using 'hibernate.dialect' (remove the property setting and it will be selected by default)
2025-06-08 14:57:00,396 WARN o.h.e.j.d.i.DialectFactoryImpl [main] HHH90000026: MySQL8Dialect has been deprecated; use org.hibernate.dialect.MySQLDialect instead
2025-06-08 14:57:02,509 INFO o.h.e.t.j.p.i.JtaPlatformInitiator [main] HHH000489: No JTA platform available (set 'hibernate.transaction.jta.platform' to enable JTA platform integration)
2025-06-08 14:57:02,647 INFO o.s.o.j.AbstractEntityManagerFactoryBean [main] Initialized JPA EntityManagerFactory for persistence unit 'default'
2025-06-08 14:57:04,093 INFO o.s.d.j.r.q.QueryEnhancerFactory [main] Hibernate is in classpath; If applicable, HQL parser will be used.
2025-06-08 14:57:07,035 WARN o.s.b.a.o.j.JpaBaseConfiguration$JpaWebConfiguration [main] spring.jpa.open-in-view is enabled by default. Therefore, database queries may be performed during view rendering. Explicitly configure spring.jpa.open-in-view to disable this warning
2025-06-08 14:57:10,940 INFO o.s.b.a.e.w.EndpointLinksResolver [main] Exposing 14 endpoint(s) beneath base path '/digicel/actuator'
2025-06-08 14:57:11,284 INFO o.a.j.l.DirectJDKLog [main] Starting ProtocolHandler ["http-nio-8080"]
2025-06-08 14:57:11,333 INFO o.s.b.w.e.t.TomcatWebServer [main] Tomcat started on port 8080 (http) with context path '/digicel'
2025-06-08 14:57:11,382 INFO o.s.b.StartupInfoLogger [main] Started DigicellApplication in 31.473 seconds (process running for 32.698)
2025-06-08 14:57:25,056 INFO o.a.j.l.DirectJDKLog [http-nio-8080-exec-1] Initializing Spring DispatcherServlet 'dispatcherServlet'
2025-06-08 14:57:25,057 INFO o.s.w.s.FrameworkServlet [http-nio-8080-exec-1] Initializing Servlet 'dispatcherServlet'
2025-06-08 14:57:25,059 INFO o.s.w.s.FrameworkServlet [http-nio-8080-exec-1] Completed initialization in 2 ms
2025-06-08 14:57:25,105 ERROR c.a.d.e.GlobalExceptionHandler [http-nio-8080-exec-1] Unexpected error: No static resource actuator/health.
2025-06-08 14:57:25,106 DEBUG c.a.d.e.GlobalExceptionHandler [http-nio-8080-exec-1] Unexpected error details - cause: {}
2025-06-08 14:57:31,023 ERROR c.a.d.e.GlobalExceptionHandler [http-nio-8080-exec-2] Unexpected error: No static resource actuator/health.
2025-06-08 14:57:31,024 DEBUG c.a.d.e.GlobalExceptionHandler [http-nio-8080-exec-2] Unexpected error details - cause: {}
2025-06-08 14:58:01,304 INFO o.h.v.i.u.Version [background-preinit] HV000001: Hibernate Validator 8.0.1.Final
2025-06-08 14:58:01,512 INFO o.s.b.StartupInfoLogger [main] Starting DigicellApplication using Java 17.0.12 with PID 20272 (C:\Users\chira\OneDrive\Desktop\Eva-Backend\Digicell\target\classes started by chira in C:\Users\chira\OneDrive\Desktop\Eva-Backend\Digicell)
2025-06-08 14:58:01,516 DEBUG o.s.b.StartupInfoLogger [main] Running with Spring Boot v3.2.5, Spring v6.1.6
2025-06-08 14:58:01,520 INFO o.s.b.SpringApplication [main] The following 1 profile is active: "local"
2025-06-08 14:58:07,070 INFO o.s.d.r.c.RepositoryConfigurationDelegate [main] Bootstrapping Spring Data JPA repositories in DEFAULT mode.
2025-06-08 14:58:07,316 INFO o.s.d.r.c.RepositoryConfigurationDelegate [main] Finished Spring Data repository scanning in 204 ms. Found 4 JPA repository interfaces.
2025-06-08 14:58:11,077 INFO o.s.b.w.e.t.TomcatWebServer [main] Tomcat initialized with port 8080 (http)
2025-06-08 14:58:11,141 INFO o.a.j.l.DirectJDKLog [main] Initializing ProtocolHandler ["http-nio-8080"]
2025-06-08 14:58:11,156 INFO o.a.j.l.DirectJDKLog [main] Starting service [Tomcat]
2025-06-08 14:58:11,159 INFO o.a.j.l.DirectJDKLog [main] Starting Servlet engine: [Apache Tomcat/10.1.20]
2025-06-08 14:58:11,489 INFO o.a.j.l.DirectJDKLog [main] Initializing Spring embedded WebApplicationContext
2025-06-08 14:58:11,500 INFO o.s.b.w.s.c.ServletWebServerApplicationContext [main] Root WebApplicationContext: initialization completed in 9762 ms
2025-06-08 14:58:13,090 INFO c.z.h.HikariDataSource [main] HikariPool-1 - Starting...
2025-06-08 14:58:14,613 INFO c.z.h.p.HikariPool [main] HikariPool-1 - Added connection com.mysql.cj.jdbc.ConnectionImpl@dc8b2ff
2025-06-08 14:58:14,626 INFO c.z.h.HikariDataSource [main] HikariPool-1 - Start completed.
2025-06-08 14:58:15,592 INFO o.h.j.i.u.LogHelper [main] HHH000204: Processing PersistenceUnitInfo [name: default]
2025-06-08 14:58:15,934 INFO o.h.Version [main] HHH000412: Hibernate ORM core version 6.4.4.Final
2025-06-08 14:58:16,152 INFO o.h.c.i.RegionFactoryInitiator [main] HHH000026: Second-level cache disabled
2025-06-08 14:58:16,845 INFO o.s.o.j.p.SpringPersistenceUnitInfo [main] No LoadTimeWeaver setup: ignoring JPA class transformer
2025-06-08 14:58:16,974 WARN o.h.e.j.d.i.DialectFactoryImpl [main] HHH90000025: MySQL8Dialect does not need to be specified explicitly using 'hibernate.dialect' (remove the property setting and it will be selected by default)
2025-06-08 14:58:16,977 WARN o.h.e.j.d.i.DialectFactoryImpl [main] HHH90000026: MySQL8Dialect has been deprecated; use org.hibernate.dialect.MySQLDialect instead
2025-06-08 14:58:18,950 INFO o.h.e.t.j.p.i.JtaPlatformInitiator [main] HHH000489: No JTA platform available (set 'hibernate.transaction.jta.platform' to enable JTA platform integration)
2025-06-08 14:58:19,093 INFO o.s.o.j.AbstractEntityManagerFactoryBean [main] Initialized JPA EntityManagerFactory for persistence unit 'default'
2025-06-08 14:58:21,125 INFO o.s.d.j.r.q.QueryEnhancerFactory [main] Hibernate is in classpath; If applicable, HQL parser will be used.
2025-06-08 14:58:24,688 WARN o.s.b.a.o.j.JpaBaseConfiguration$JpaWebConfiguration [main] spring.jpa.open-in-view is enabled by default. Therefore, database queries may be performed during view rendering. Explicitly configure spring.jpa.open-in-view to disable this warning
2025-06-08 14:58:29,555 INFO o.s.b.a.e.w.EndpointLinksResolver [main] Exposing 14 endpoint(s) beneath base path '/digicel/actuator'
2025-06-08 14:58:30,116 INFO o.a.j.l.DirectJDKLog [main] Starting ProtocolHandler ["http-nio-8080"]
2025-06-08 14:58:30,306 INFO o.s.b.w.e.t.TomcatWebServer [main] Tomcat started on port 8080 (http) with context path '/digicel'
2025-06-08 14:58:30,360 INFO o.s.b.StartupInfoLogger [main] Started DigicellApplication in 30.663 seconds (process running for 31.651)
2025-06-08 14:58:57,738 INFO o.a.j.l.DirectJDKLog [http-nio-8080-exec-1] Initializing Spring DispatcherServlet 'dispatcherServlet'
2025-06-08 14:58:57,740 INFO o.s.w.s.FrameworkServlet [http-nio-8080-exec-1] Initializing Servlet 'dispatcherServlet'
2025-06-08 14:58:57,740 INFO o.s.w.s.FrameworkServlet [http-nio-8080-exec-1] Completed initialization in 0 ms
2025-06-08 14:58:57,787 ERROR c.a.d.e.GlobalExceptionHandler [http-nio-8080-exec-1] Unexpected error: No static resource actuator/health.
2025-06-08 14:58:57,788 DEBUG c.a.d.e.GlobalExceptionHandler [http-nio-8080-exec-1] Unexpected error details - cause: {}
2025-06-08 14:59:55,921 ERROR c.a.d.e.GlobalExceptionHandler [http-nio-8080-exec-2] Unexpected error: No static resource actuator/health.
2025-06-08 14:59:55,923 DEBUG c.a.d.e.GlobalExceptionHandler [http-nio-8080-exec-2] Unexpected error details - cause: {}
2025-06-08 15:00:45,221 INFO o.h.v.i.u.Version [background-preinit] HV000001: Hibernate Validator 8.0.1.Final
2025-06-08 15:00:45,332 INFO o.s.b.StartupInfoLogger [main] Starting DigicellApplication using Java 17.0.12 with PID 31020 (C:\Users\chira\OneDrive\Desktop\Eva-Backend\Digicell\target\classes started by chira in C:\Users\chira\OneDrive\Desktop\Eva-Backend\Digicell)
2025-06-08 15:00:45,336 DEBUG o.s.b.StartupInfoLogger [main] Running with Spring Boot v3.2.5, Spring v6.1.6
2025-06-08 15:00:45,338 INFO o.s.b.SpringApplication [main] The following 1 profile is active: "local"
2025-06-08 15:00:50,604 INFO o.s.d.r.c.RepositoryConfigurationDelegate [main] Bootstrapping Spring Data JPA repositories in DEFAULT mode.
2025-06-08 15:00:50,863 INFO o.s.d.r.c.RepositoryConfigurationDelegate [main] Finished Spring Data repository scanning in 196 ms. Found 4 JPA repository interfaces.
2025-06-08 15:00:54,542 INFO o.s.b.w.e.t.TomcatWebServer [main] Tomcat initialized with port 8080 (http)
2025-06-08 15:00:54,566 INFO o.a.j.l.DirectJDKLog [main] Initializing ProtocolHandler ["http-nio-8080"]
2025-06-08 15:00:54,575 INFO o.a.j.l.DirectJDKLog [main] Starting service [Tomcat]
2025-06-08 15:00:54,577 INFO o.a.j.l.DirectJDKLog [main] Starting Servlet engine: [Apache Tomcat/10.1.20]
2025-06-08 15:00:54,760 INFO o.a.j.l.DirectJDKLog [main] Initializing Spring embedded WebApplicationContext
2025-06-08 15:00:54,765 INFO o.s.b.w.s.c.ServletWebServerApplicationContext [main] Root WebApplicationContext: initialization completed in 9257 ms
2025-06-08 15:00:56,291 INFO c.z.h.HikariDataSource [main] HikariPool-1 - Starting...
2025-06-08 15:00:57,818 INFO c.z.h.p.HikariPool [main] HikariPool-1 - Added connection com.mysql.cj.jdbc.ConnectionImpl@dc8b2ff
2025-06-08 15:00:57,830 INFO c.z.h.HikariDataSource [main] HikariPool-1 - Start completed.
2025-06-08 15:00:58,502 INFO o.h.j.i.u.LogHelper [main] HHH000204: Processing PersistenceUnitInfo [name: default]
2025-06-08 15:00:58,805 INFO o.h.Version [main] HHH000412: Hibernate ORM core version 6.4.4.Final
2025-06-08 15:00:58,922 INFO o.h.c.i.RegionFactoryInitiator [main] HHH000026: Second-level cache disabled
2025-06-08 15:00:59,770 INFO o.s.o.j.p.SpringPersistenceUnitInfo [main] No LoadTimeWeaver setup: ignoring JPA class transformer
2025-06-08 15:00:59,931 WARN o.h.e.j.d.i.DialectFactoryImpl [main] HHH90000025: MySQL8Dialect does not need to be specified explicitly using 'hibernate.dialect' (remove the property setting and it will be selected by default)
2025-06-08 15:00:59,934 WARN o.h.e.j.d.i.DialectFactoryImpl [main] HHH90000026: MySQL8Dialect has been deprecated; use org.hibernate.dialect.MySQLDialect instead
2025-06-08 15:01:01,942 INFO o.h.e.t.j.p.i.JtaPlatformInitiator [main] HHH000489: No JTA platform available (set 'hibernate.transaction.jta.platform' to enable JTA platform integration)
2025-06-08 15:01:02,093 INFO o.s.o.j.AbstractEntityManagerFactoryBean [main] Initialized JPA EntityManagerFactory for persistence unit 'default'
2025-06-08 15:01:03,899 INFO o.s.d.j.r.q.QueryEnhancerFactory [main] Hibernate is in classpath; If applicable, HQL parser will be used.
2025-06-08 15:01:06,235 WARN o.s.b.a.o.j.JpaBaseConfiguration$JpaWebConfiguration [main] spring.jpa.open-in-view is enabled by default. Therefore, database queries may be performed during view rendering. Explicitly configure spring.jpa.open-in-view to disable this warning
2025-06-08 15:01:10,082 INFO o.s.b.a.e.w.EndpointLinksResolver [main] Exposing 14 endpoint(s) beneath base path '/actuator'
2025-06-08 15:01:10,369 INFO o.a.j.l.DirectJDKLog [main] Starting ProtocolHandler ["http-nio-8080"]
2025-06-08 15:01:10,418 INFO o.s.b.w.e.t.TomcatWebServer [main] Tomcat started on port 8080 (http) with context path '/digicel'
2025-06-08 15:01:10,459 INFO o.s.b.StartupInfoLogger [main] Started DigicellApplication in 26.397 seconds (process running for 27.171)
2025-06-08 15:02:05,924 INFO o.a.j.l.DirectJDKLog [http-nio-8080-exec-4] Initializing Spring DispatcherServlet 'dispatcherServlet'
2025-06-08 15:02:05,933 INFO o.s.w.s.FrameworkServlet [http-nio-8080-exec-4] Initializing Servlet 'dispatcherServlet'
2025-06-08 15:02:05,941 INFO o.s.w.s.FrameworkServlet [http-nio-8080-exec-4] Completed initialization in 3 ms
2025-06-08 15:02:20,869 INFO c.a.d.c.AgentController [http-nio-8080-exec-6] Fetching all agents
2025-06-08 15:02:20,872 INFO c.a.d.s.AgentService [http-nio-8080-exec-6] Fetching all agents
2025-06-08 15:02:21,268 INFO c.a.d.s.AgentService [http-nio-8080-exec-6] Successfully retrieved 10 agents
2025-06-08 15:02:21,271 DEBUG c.a.d.s.AgentService [http-nio-8080-exec-6] Retrieved agents - count: 10, ids: [1, 2, 3, 4, 5, 6, 7, 8, 9, 10]
2025-06-08 15:02:21,273 INFO c.a.d.c.AgentController [http-nio-8080-exec-6] Successfully retrieved 10 agents
2025-06-08 15:04:28,114 INFO c.a.d.c.AgentController [http-nio-8080-exec-4] Fetching all agents
2025-06-08 15:04:28,117 INFO c.a.d.s.AgentService [http-nio-8080-exec-4] Fetching all agents
2025-06-08 15:04:28,147 INFO c.a.d.s.AgentService [http-nio-8080-exec-4] Successfully retrieved 10 agents
2025-06-08 15:04:28,149 DEBUG c.a.d.s.AgentService [http-nio-8080-exec-4] Retrieved agents - count: 10, ids: [1, 2, 3, 4, 5, 6, 7, 8, 9, 10]
2025-06-08 15:04:28,151 INFO c.a.d.c.AgentController [http-nio-8080-exec-4] Successfully retrieved 10 agents
2025-06-08 15:07:25,128 INFO c.a.d.c.AgentController [http-nio-8080-exec-3] Fetching all agents
2025-06-08 15:07:25,132 INFO c.a.d.s.AgentService [http-nio-8080-exec-3] Fetching all agents
2025-06-08 15:07:25,160 INFO c.a.d.s.AgentService [http-nio-8080-exec-3] Successfully retrieved 10 agents
2025-06-08 15:07:25,163 DEBUG c.a.d.s.AgentService [http-nio-8080-exec-3] Retrieved agents - count: 10, ids: [1, 2, 3, 4, 5, 6, 7, 8, 9, 10]
2025-06-08 15:07:25,166 INFO c.a.d.c.AgentController [http-nio-8080-exec-3] Successfully retrieved 10 agents
2025-06-08 15:07:35,511 INFO c.a.d.c.AgentController [http-nio-8080-exec-5] Fetching all agents
2025-06-08 15:07:35,516 INFO c.a.d.s.AgentService [http-nio-8080-exec-5] Fetching all agents
2025-06-08 15:07:35,547 INFO c.a.d.s.AgentService [http-nio-8080-exec-5] Successfully retrieved 10 agents
2025-06-08 15:07:35,550 DEBUG c.a.d.s.AgentService [http-nio-8080-exec-5] Retrieved agents - count: 10, ids: [1, 2, 3, 4, 5, 6, 7, 8, 9, 10]
2025-06-08 15:07:35,553 INFO c.a.d.c.AgentController [http-nio-8080-exec-5] Successfully retrieved 10 agents
2025-06-08 15:07:51,079 INFO c.a.d.c.AgentController [http-nio-8080-exec-8] Fetching all agents
2025-06-08 15:07:51,083 INFO c.a.d.s.AgentService [http-nio-8080-exec-8] Fetching all agents
2025-06-08 15:07:51,109 INFO c.a.d.s.AgentService [http-nio-8080-exec-8] Successfully retrieved 10 agents
2025-06-08 15:07:51,111 DEBUG c.a.d.s.AgentService [http-nio-8080-exec-8] Retrieved agents - count: 10, ids: [1, 2, 3, 4, 5, 6, 7, 8, 9, 10]
2025-06-08 15:07:51,111 INFO c.a.d.c.AgentController [http-nio-8080-exec-8] Successfully retrieved 10 agents
